{
  "stats": {
    "suites": 12,
    "tests": 41,
    "passes": 1,
    "pending": 0,
    "failures": 40,
    "start": "2022-07-04T17:47:53.823Z",
    "end": "2022-07-04T17:50:44.108Z",
    "duration": 170285,
    "testsRegistered": 41,
    "passPercent": 2.4390243902439024,
    "pendingPercent": 0,
    "other": 0,
    "hasOther": false,
    "skipped": 0,
    "hasSkipped": false
  },
  "results": [
    {
      "uuid": "fa445ac5-9fa8-449a-ab13-ce6753bcb37b",
      "title": "",
      "fullFile": "cypress/integration/project.spec.js",
      "file": "cypress/integration/project.spec.js",
      "beforeHooks": [],
      "afterHooks": [],
      "tests": [],
      "suites": [
        {
          "uuid": "2dca4dba-995b-4ca3-aa4a-9f890966ac83",
          "title": "1 - Adicione à página o título \"Paleta de Cores\".",
          "fullFile": "",
          "file": "",
          "beforeHooks": [],
          "afterHooks": [],
          "tests": [
            {
              "title": "Verifica se contém um elemento `h1` com o id `title` com o título correto",
              "fullTitle": "1 - Adicione à página o título \"Paleta de Cores\". Verifica se contém um elemento `h1` com o id `title` com o título correto",
              "timedOut": null,
              "duration": 134,
              "state": "passed",
              "speed": "slow",
              "pass": true,
              "fail": false,
              "pending": false,
              "context": null,
              "code": "cy.get('h1#title').should('contain.text', 'Paleta de Cores');",
              "err": {},
              "uuid": "dce219e3-18b0-40b1-a7c0-2ed3d66e5ce3",
              "parentUUID": "2dca4dba-995b-4ca3-aa4a-9f890966ac83",
              "isHook": false,
              "skipped": false
            }
          ],
          "suites": [],
          "passes": [
            "dce219e3-18b0-40b1-a7c0-2ed3d66e5ce3"
          ],
          "failures": [],
          "pending": [],
          "skipped": [],
          "duration": 134,
          "root": false,
          "rootEmpty": false,
          "_timeout": 2000
        },
        {
          "uuid": "7147d639-6a47-47e8-a518-7b3f1615016e",
          "title": "2 - Adicione à página uma paleta de quatro cores distintas.",
          "fullFile": "",
          "file": "",
          "beforeHooks": [],
          "afterHooks": [],
          "tests": [
            {
              "title": "A paleta de cores deve ser um elemento com `id` denominado `color-palette` e ter mais de 0px de altura e de largura.",
              "fullTitle": "2 - Adicione à página uma paleta de quatro cores distintas. A paleta de cores deve ser um elemento com `id` denominado `color-palette` e ter mais de 0px de altura e de largura.",
              "timedOut": null,
              "duration": 4213,
              "state": "failed",
              "speed": null,
              "pass": false,
              "fail": true,
              "pending": false,
              "context": null,
              "code": "cy.get('#color-palette').should('be.visible');\ncy.get('#color-palette').children('.color');",
              "err": {
                "message": "CypressError: Timed out retrying: Expected to find element: '#color-palette', but never found it.",
                "estack": "CypressError: Timed out retrying: Expected to find element: '#color-palette', but never found it.\n    at cypressErr (http://localhost:34039/__cypress/runner/cypress_runner.js:149934:9)\n    at throwErr (http://localhost:34039/__cypress/runner/cypress_runner.js:149867:11)\n    at Object.throwErrByPath (http://localhost:34039/__cypress/runner/cypress_runner.js:149915:3)\n    at retry (http://localhost:34039/__cypress/runner/cypress_runner.js:144197:19)\n    at onFailFn (http://localhost:34039/__cypress/runner/cypress_runner.js:132448:16)\n    at tryCatcher (http://localhost:34039/__cypress/runner/cypress_runner.js:167415:23)\n    at Promise._settlePromiseFromHandler (http://localhost:34039/__cypress/runner/cypress_runner.js:165351:31)\n    at Promise._settlePromise (http://localhost:34039/__cypress/runner/cypress_runner.js:165408:18)\n    at Promise._settlePromise0 (http://localhost:34039/__cypress/runner/cypress_runner.js:165453:10)\n    at Promise._settlePromises (http://localhost:34039/__cypress/runner/cypress_runner.js:165528:18)\n    at Async../node_modules/bluebird/js/release/async.js.Async._drainQueue (http://localhost:34039/__cypress/runner/cypress_runner.js:162140:16)\n    at Async../node_modules/bluebird/js/release/async.js.Async._drainQueues (http://localhost:34039/__cypress/runner/cypress_runner.js:162150:10)\n    at Async.drainQueues (http://localhost:34039/__cypress/runner/cypress_runner.js:162024:14)",
                "diff": null
              },
              "uuid": "1966cec5-9eb0-4eda-9abe-23c948b5afd2",
              "parentUUID": "7147d639-6a47-47e8-a518-7b3f1615016e",
              "isHook": false,
              "skipped": false
            },
            {
              "title": "Verifica se cada cor individual da paleta de cores possui a `classe` chamada `color`.",
              "fullTitle": "2 - Adicione à página uma paleta de quatro cores distintas. Verifica se cada cor individual da paleta de cores possui a `classe` chamada `color`.",
              "timedOut": null,
              "duration": 4180,
              "state": "failed",
              "speed": null,
              "pass": false,
              "fail": true,
              "pending": false,
              "context": null,
              "code": "cy.get('.color').should('have.length', 4).then(function (colors) {\n  for (var i = 0; i < colors.length; i++) {\n    cy.wrap(colors[i]).should('be.visible');\n  }\n});",
              "err": {
                "message": "CypressError: Timed out retrying: Expected to find element: '.color', but never found it.",
                "estack": "CypressError: Timed out retrying: Expected to find element: '.color', but never found it.\n    at cypressErr (http://localhost:34039/__cypress/runner/cypress_runner.js:149934:9)\n    at throwErr (http://localhost:34039/__cypress/runner/cypress_runner.js:149867:11)\n    at Object.throwErrByPath (http://localhost:34039/__cypress/runner/cypress_runner.js:149915:3)\n    at retry (http://localhost:34039/__cypress/runner/cypress_runner.js:144197:19)\n    at onFailFn (http://localhost:34039/__cypress/runner/cypress_runner.js:132448:16)\n    at tryCatcher (http://localhost:34039/__cypress/runner/cypress_runner.js:167415:23)\n    at Promise._settlePromiseFromHandler (http://localhost:34039/__cypress/runner/cypress_runner.js:165351:31)\n    at Promise._settlePromise (http://localhost:34039/__cypress/runner/cypress_runner.js:165408:18)\n    at Promise._settlePromise0 (http://localhost:34039/__cypress/runner/cypress_runner.js:165453:10)\n    at Promise._settlePromises (http://localhost:34039/__cypress/runner/cypress_runner.js:165528:18)\n    at Async../node_modules/bluebird/js/release/async.js.Async._drainQueue (http://localhost:34039/__cypress/runner/cypress_runner.js:162140:16)\n    at Async../node_modules/bluebird/js/release/async.js.Async._drainQueues (http://localhost:34039/__cypress/runner/cypress_runner.js:162150:10)\n    at Async.drainQueues (http://localhost:34039/__cypress/runner/cypress_runner.js:162024:14)",
                "diff": null
              },
              "uuid": "81b5a6cf-77bb-4ea5-be8f-558013e8c020",
              "parentUUID": "7147d639-6a47-47e8-a518-7b3f1615016e",
              "isHook": false,
              "skipped": false
            },
            {
              "title": "Verifica se a cor de fundo de cada elemento da paleta é a cor que o elemento representa. **A única cor não permitida na paleta é a cor branca.**",
              "fullTitle": "2 - Adicione à página uma paleta de quatro cores distintas. Verifica se a cor de fundo de cada elemento da paleta é a cor que o elemento representa. **A única cor não permitida na paleta é a cor branca.**",
              "timedOut": null,
              "duration": 4198,
              "state": "failed",
              "speed": null,
              "pass": false,
              "fail": true,
              "pending": false,
              "context": null,
              "code": "cy.get('.color').each(function (color) {\n  cy.wrap(color).should('have.class', 'color').and('not.have.css', 'background-color', WHITE);\n  cy.wrap(color).should('have.css', 'background-color');\n});",
              "err": {
                "message": "CypressError: Timed out retrying: Expected to find element: '.color', but never found it.",
                "estack": "CypressError: Timed out retrying: Expected to find element: '.color', but never found it.\n    at cypressErr (http://localhost:34039/__cypress/runner/cypress_runner.js:149934:9)\n    at throwErr (http://localhost:34039/__cypress/runner/cypress_runner.js:149867:11)\n    at Object.throwErrByPath (http://localhost:34039/__cypress/runner/cypress_runner.js:149915:3)\n    at retry (http://localhost:34039/__cypress/runner/cypress_runner.js:144197:19)\n    at onFailFn (http://localhost:34039/__cypress/runner/cypress_runner.js:132448:16)\n    at tryCatcher (http://localhost:34039/__cypress/runner/cypress_runner.js:167415:23)\n    at Promise._settlePromiseFromHandler (http://localhost:34039/__cypress/runner/cypress_runner.js:165351:31)\n    at Promise._settlePromise (http://localhost:34039/__cypress/runner/cypress_runner.js:165408:18)\n    at Promise._settlePromise0 (http://localhost:34039/__cypress/runner/cypress_runner.js:165453:10)\n    at Promise._settlePromises (http://localhost:34039/__cypress/runner/cypress_runner.js:165528:18)\n    at Async../node_modules/bluebird/js/release/async.js.Async._drainQueue (http://localhost:34039/__cypress/runner/cypress_runner.js:162140:16)\n    at Async../node_modules/bluebird/js/release/async.js.Async._drainQueues (http://localhost:34039/__cypress/runner/cypress_runner.js:162150:10)\n    at Async.drainQueues (http://localhost:34039/__cypress/runner/cypress_runner.js:162024:14)",
                "diff": null
              },
              "uuid": "e8372c6c-12fb-46a8-b686-1cdad45b3def",
              "parentUUID": "7147d639-6a47-47e8-a518-7b3f1615016e",
              "isHook": false,
              "skipped": false
            },
            {
              "title": "Verifica se cada elemento da paleta de cores tem uma borda preta, sólida e com 1 pixel de largura;",
              "fullTitle": "2 - Adicione à página uma paleta de quatro cores distintas. Verifica se cada elemento da paleta de cores tem uma borda preta, sólida e com 1 pixel de largura;",
              "timedOut": null,
              "duration": 4231,
              "state": "failed",
              "speed": null,
              "pass": false,
              "fail": true,
              "pending": false,
              "context": null,
              "code": "cy.get('.color').each(function (color) {\n  cy.wrap(color).and('have.css', 'border', \"1px solid \".concat(BLACK)).and('have.class', 'color');\n});",
              "err": {
                "message": "CypressError: Timed out retrying: Expected to find element: '.color', but never found it.",
                "estack": "CypressError: Timed out retrying: Expected to find element: '.color', but never found it.\n    at cypressErr (http://localhost:34039/__cypress/runner/cypress_runner.js:149934:9)\n    at throwErr (http://localhost:34039/__cypress/runner/cypress_runner.js:149867:11)\n    at Object.throwErrByPath (http://localhost:34039/__cypress/runner/cypress_runner.js:149915:3)\n    at retry (http://localhost:34039/__cypress/runner/cypress_runner.js:144197:19)\n    at onFailFn (http://localhost:34039/__cypress/runner/cypress_runner.js:132448:16)\n    at tryCatcher (http://localhost:34039/__cypress/runner/cypress_runner.js:167415:23)\n    at Promise._settlePromiseFromHandler (http://localhost:34039/__cypress/runner/cypress_runner.js:165351:31)\n    at Promise._settlePromise (http://localhost:34039/__cypress/runner/cypress_runner.js:165408:18)\n    at Promise._settlePromise0 (http://localhost:34039/__cypress/runner/cypress_runner.js:165453:10)\n    at Promise._settlePromises (http://localhost:34039/__cypress/runner/cypress_runner.js:165528:18)\n    at Async../node_modules/bluebird/js/release/async.js.Async._drainQueue (http://localhost:34039/__cypress/runner/cypress_runner.js:162140:16)\n    at Async../node_modules/bluebird/js/release/async.js.Async._drainQueues (http://localhost:34039/__cypress/runner/cypress_runner.js:162150:10)\n    at Async.drainQueues (http://localhost:34039/__cypress/runner/cypress_runner.js:162024:14)",
                "diff": null
              },
              "uuid": "c89b7503-11ce-4f7f-9412-b36e293ea6cc",
              "parentUUID": "7147d639-6a47-47e8-a518-7b3f1615016e",
              "isHook": false,
              "skipped": false
            },
            {
              "title": "Verifica se a paleta lista todas as cores disponíveis para utilização, lado a lado.",
              "fullTitle": "2 - Adicione à página uma paleta de quatro cores distintas. Verifica se a paleta lista todas as cores disponíveis para utilização, lado a lado.",
              "timedOut": null,
              "duration": 4196,
              "state": "failed",
              "speed": null,
              "pass": false,
              "fail": true,
              "pending": false,
              "context": null,
              "code": "cy.get('.color').then(function (colors) {\n  for (var index = 1; index < colors.length; index += 1) {\n    var currentColor = colors[index];\n    var previousColor = colors[index - 1];\n    cy.wrap(currentColor).should('be.onTheRightOf', previousColor).and('be.horizontallyAlignedWith', previousColor);\n  }\n});",
              "err": {
                "message": "CypressError: Timed out retrying: Expected to find element: '.color', but never found it.",
                "estack": "CypressError: Timed out retrying: Expected to find element: '.color', but never found it.\n    at cypressErr (http://localhost:34039/__cypress/runner/cypress_runner.js:149934:9)\n    at throwErr (http://localhost:34039/__cypress/runner/cypress_runner.js:149867:11)\n    at Object.throwErrByPath (http://localhost:34039/__cypress/runner/cypress_runner.js:149915:3)\n    at retry (http://localhost:34039/__cypress/runner/cypress_runner.js:144197:19)\n    at onFailFn (http://localhost:34039/__cypress/runner/cypress_runner.js:132448:16)\n    at tryCatcher (http://localhost:34039/__cypress/runner/cypress_runner.js:167415:23)\n    at Promise._settlePromiseFromHandler (http://localhost:34039/__cypress/runner/cypress_runner.js:165351:31)\n    at Promise._settlePromise (http://localhost:34039/__cypress/runner/cypress_runner.js:165408:18)\n    at Promise._settlePromise0 (http://localhost:34039/__cypress/runner/cypress_runner.js:165453:10)\n    at Promise._settlePromises (http://localhost:34039/__cypress/runner/cypress_runner.js:165528:18)\n    at Async../node_modules/bluebird/js/release/async.js.Async._drainQueue (http://localhost:34039/__cypress/runner/cypress_runner.js:162140:16)\n    at Async../node_modules/bluebird/js/release/async.js.Async._drainQueues (http://localhost:34039/__cypress/runner/cypress_runner.js:162150:10)\n    at Async.drainQueues (http://localhost:34039/__cypress/runner/cypress_runner.js:162024:14)",
                "diff": null
              },
              "uuid": "19b8168b-e12a-4952-a9f7-5dac8e8e0576",
              "parentUUID": "7147d639-6a47-47e8-a518-7b3f1615016e",
              "isHook": false,
              "skipped": false
            },
            {
              "title": "Verifica se a paleta de cores está posicionada abaixo do título 'Paleta de Cores'",
              "fullTitle": "2 - Adicione à página uma paleta de quatro cores distintas. Verifica se a paleta de cores está posicionada abaixo do título 'Paleta de Cores'",
              "timedOut": null,
              "duration": 4218,
              "state": "failed",
              "speed": null,
              "pass": false,
              "fail": true,
              "pending": false,
              "context": null,
              "code": "cy.get('h1#title').then(function (title) {\n  cy.get('#color-palette').should('be.belowOf', title);\n});",
              "err": {
                "message": "CypressError: Timed out retrying: Expected to find element: '#color-palette', but never found it.",
                "estack": "CypressError: Timed out retrying: Expected to find element: '#color-palette', but never found it.\n    at cypressErr (http://localhost:34039/__cypress/runner/cypress_runner.js:149934:9)\n    at throwErr (http://localhost:34039/__cypress/runner/cypress_runner.js:149867:11)\n    at Object.throwErrByPath (http://localhost:34039/__cypress/runner/cypress_runner.js:149915:3)\n    at retry (http://localhost:34039/__cypress/runner/cypress_runner.js:144197:19)\n    at onFailFn (http://localhost:34039/__cypress/runner/cypress_runner.js:132448:16)\n    at tryCatcher (http://localhost:34039/__cypress/runner/cypress_runner.js:167415:23)\n    at Promise._settlePromiseFromHandler (http://localhost:34039/__cypress/runner/cypress_runner.js:165351:31)\n    at Promise._settlePromise (http://localhost:34039/__cypress/runner/cypress_runner.js:165408:18)\n    at Promise._settlePromise0 (http://localhost:34039/__cypress/runner/cypress_runner.js:165453:10)\n    at Promise._settlePromises (http://localhost:34039/__cypress/runner/cypress_runner.js:165528:18)\n    at Async../node_modules/bluebird/js/release/async.js.Async._drainQueue (http://localhost:34039/__cypress/runner/cypress_runner.js:162140:16)\n    at Async../node_modules/bluebird/js/release/async.js.Async._drainQueues (http://localhost:34039/__cypress/runner/cypress_runner.js:162150:10)\n    at Async.drainQueues (http://localhost:34039/__cypress/runner/cypress_runner.js:162024:14)",
                "diff": null
              },
              "uuid": "6a86c776-cffa-4bb8-9b06-019a28c1d795",
              "parentUUID": "7147d639-6a47-47e8-a518-7b3f1615016e",
              "isHook": false,
              "skipped": false
            },
            {
              "title": "Verifica se a paleta de cores não contém cores repetidas.",
              "fullTitle": "2 - Adicione à página uma paleta de quatro cores distintas. Verifica se a paleta de cores não contém cores repetidas.",
              "timedOut": null,
              "duration": 4219,
              "state": "failed",
              "speed": null,
              "pass": false,
              "fail": true,
              "pending": false,
              "context": null,
              "code": "cy.get('.color').then(function (colors) {\n  var allColors = Array.from(colors).map(function (color) {\n    return Cypress.$(color).css('background-color');\n  });\n  cy.log(allColors);\n  var uniqColors = (0, _toConsumableArray2[\"default\"])(new Set(allColors));\n  cy.log(uniqColors);\n  expect(allColors.length).to.eq(uniqColors.length);\n});",
              "err": {
                "message": "CypressError: Timed out retrying: Expected to find element: '.color', but never found it.",
                "estack": "CypressError: Timed out retrying: Expected to find element: '.color', but never found it.\n    at cypressErr (http://localhost:34039/__cypress/runner/cypress_runner.js:149934:9)\n    at throwErr (http://localhost:34039/__cypress/runner/cypress_runner.js:149867:11)\n    at Object.throwErrByPath (http://localhost:34039/__cypress/runner/cypress_runner.js:149915:3)\n    at retry (http://localhost:34039/__cypress/runner/cypress_runner.js:144197:19)\n    at onFailFn (http://localhost:34039/__cypress/runner/cypress_runner.js:132448:16)\n    at tryCatcher (http://localhost:34039/__cypress/runner/cypress_runner.js:167415:23)\n    at Promise._settlePromiseFromHandler (http://localhost:34039/__cypress/runner/cypress_runner.js:165351:31)\n    at Promise._settlePromise (http://localhost:34039/__cypress/runner/cypress_runner.js:165408:18)\n    at Promise._settlePromise0 (http://localhost:34039/__cypress/runner/cypress_runner.js:165453:10)\n    at Promise._settlePromises (http://localhost:34039/__cypress/runner/cypress_runner.js:165528:18)\n    at Async../node_modules/bluebird/js/release/async.js.Async._drainQueue (http://localhost:34039/__cypress/runner/cypress_runner.js:162140:16)\n    at Async../node_modules/bluebird/js/release/async.js.Async._drainQueues (http://localhost:34039/__cypress/runner/cypress_runner.js:162150:10)\n    at Async.drainQueues (http://localhost:34039/__cypress/runner/cypress_runner.js:162024:14)",
                "diff": null
              },
              "uuid": "2e0b6dbe-a8b4-47d1-98ed-5403db20b5f9",
              "parentUUID": "7147d639-6a47-47e8-a518-7b3f1615016e",
              "isHook": false,
              "skipped": false
            }
          ],
          "suites": [],
          "passes": [],
          "failures": [
            "1966cec5-9eb0-4eda-9abe-23c948b5afd2",
            "81b5a6cf-77bb-4ea5-be8f-558013e8c020",
            "e8372c6c-12fb-46a8-b686-1cdad45b3def",
            "c89b7503-11ce-4f7f-9412-b36e293ea6cc",
            "19b8168b-e12a-4952-a9f7-5dac8e8e0576",
            "6a86c776-cffa-4bb8-9b06-019a28c1d795",
            "2e0b6dbe-a8b4-47d1-98ed-5403db20b5f9"
          ],
          "pending": [],
          "skipped": [],
          "duration": 29455,
          "root": false,
          "rootEmpty": false,
          "_timeout": 2000
        },
        {
          "uuid": "e4e0731e-7788-4327-9c04-d6b00972c614",
          "title": "3 - Adicione a cor **preta** como a primeira cor da paleta de cores.",
          "fullFile": "",
          "file": "",
          "beforeHooks": [],
          "afterHooks": [],
          "tests": [
            {
              "title": "Verifica se a primeira cor da paleta é preta",
              "fullTitle": "3 - Adicione a cor **preta** como a primeira cor da paleta de cores. Verifica se a primeira cor da paleta é preta",
              "timedOut": null,
              "duration": 4214,
              "state": "failed",
              "speed": null,
              "pass": false,
              "fail": true,
              "pending": false,
              "context": null,
              "code": "cy.get('.color').first().should('have.css', 'background-color', BLACK);",
              "err": {
                "message": "CypressError: Timed out retrying: Expected to find element: '.color', but never found it.",
                "estack": "CypressError: Timed out retrying: Expected to find element: '.color', but never found it.\n    at cypressErr (http://localhost:34039/__cypress/runner/cypress_runner.js:149934:9)\n    at throwErr (http://localhost:34039/__cypress/runner/cypress_runner.js:149867:11)\n    at Object.throwErrByPath (http://localhost:34039/__cypress/runner/cypress_runner.js:149915:3)\n    at retry (http://localhost:34039/__cypress/runner/cypress_runner.js:144197:19)\n    at onFailFn (http://localhost:34039/__cypress/runner/cypress_runner.js:132448:16)\n    at tryCatcher (http://localhost:34039/__cypress/runner/cypress_runner.js:167415:23)\n    at Promise._settlePromiseFromHandler (http://localhost:34039/__cypress/runner/cypress_runner.js:165351:31)\n    at Promise._settlePromise (http://localhost:34039/__cypress/runner/cypress_runner.js:165408:18)\n    at Promise._settlePromise0 (http://localhost:34039/__cypress/runner/cypress_runner.js:165453:10)\n    at Promise._settlePromises (http://localhost:34039/__cypress/runner/cypress_runner.js:165528:18)\n    at Async../node_modules/bluebird/js/release/async.js.Async._drainQueue (http://localhost:34039/__cypress/runner/cypress_runner.js:162140:16)\n    at Async../node_modules/bluebird/js/release/async.js.Async._drainQueues (http://localhost:34039/__cypress/runner/cypress_runner.js:162150:10)\n    at Async.drainQueues (http://localhost:34039/__cypress/runner/cypress_runner.js:162024:14)",
                "diff": null
              },
              "uuid": "f1adcbea-97f3-438d-a54b-d3f47610bd9c",
              "parentUUID": "e4e0731e-7788-4327-9c04-d6b00972c614",
              "isHook": false,
              "skipped": false
            },
            {
              "title": "Verifica se as demais cores podem ser escolhidas livremente.",
              "fullTitle": "3 - Adicione a cor **preta** como a primeira cor da paleta de cores. Verifica se as demais cores podem ser escolhidas livremente.",
              "timedOut": null,
              "duration": 4196,
              "state": "failed",
              "speed": null,
              "pass": false,
              "fail": true,
              "pending": false,
              "context": null,
              "code": "cy.get('.color').eq(1).should('not.have.css', 'background-color', BLACK);\ncy.get('.color').eq(1).should('not.have.css', 'background-color', WHITE);\ncy.get('.color').eq(1).should('not.have.css', 'background-color', 'rgba(0, 0, 0, 0)');\ncy.get('.color').eq(1).should('have.css', 'background-color');\ncy.get('.color').eq(2).should('not.have.css', 'background-color', BLACK);\ncy.get('.color').eq(2).should('not.have.css', 'background-color', WHITE);\ncy.get('.color').eq(2).should('not.have.css', 'background-color', 'rgba(0, 0, 0, 0)');\ncy.get('.color').eq(2).should('have.css', 'background-color');\ncy.get('.color').eq(3).should('not.have.css', 'background-color', BLACK);\ncy.get('.color').eq(3).should('not.have.css', 'background-color', WHITE);\ncy.get('.color').eq(3).should('not.have.css', 'background-color', 'rgba(0, 0, 0, 0)');\ncy.get('.color').eq(3).should('have.css', 'background-color');",
              "err": {
                "message": "CypressError: Timed out retrying: Expected to find element: '.color', but never found it.",
                "estack": "CypressError: Timed out retrying: Expected to find element: '.color', but never found it.\n    at cypressErr (http://localhost:34039/__cypress/runner/cypress_runner.js:149934:9)\n    at throwErr (http://localhost:34039/__cypress/runner/cypress_runner.js:149867:11)\n    at Object.throwErrByPath (http://localhost:34039/__cypress/runner/cypress_runner.js:149915:3)\n    at retry (http://localhost:34039/__cypress/runner/cypress_runner.js:144197:19)\n    at onFailFn (http://localhost:34039/__cypress/runner/cypress_runner.js:132448:16)\n    at tryCatcher (http://localhost:34039/__cypress/runner/cypress_runner.js:167415:23)\n    at Promise._settlePromiseFromHandler (http://localhost:34039/__cypress/runner/cypress_runner.js:165351:31)\n    at Promise._settlePromise (http://localhost:34039/__cypress/runner/cypress_runner.js:165408:18)\n    at Promise._settlePromise0 (http://localhost:34039/__cypress/runner/cypress_runner.js:165453:10)\n    at Promise._settlePromises (http://localhost:34039/__cypress/runner/cypress_runner.js:165528:18)\n    at Async../node_modules/bluebird/js/release/async.js.Async._drainQueue (http://localhost:34039/__cypress/runner/cypress_runner.js:162140:16)\n    at Async../node_modules/bluebird/js/release/async.js.Async._drainQueues (http://localhost:34039/__cypress/runner/cypress_runner.js:162150:10)\n    at Async.drainQueues (http://localhost:34039/__cypress/runner/cypress_runner.js:162024:14)",
                "diff": null
              },
              "uuid": "ca0c30fc-59cd-48e3-bfef-d6c006c7e0ef",
              "parentUUID": "e4e0731e-7788-4327-9c04-d6b00972c614",
              "isHook": false,
              "skipped": false
            }
          ],
          "suites": [],
          "passes": [],
          "failures": [
            "f1adcbea-97f3-438d-a54b-d3f47610bd9c",
            "ca0c30fc-59cd-48e3-bfef-d6c006c7e0ef"
          ],
          "pending": [],
          "skipped": [],
          "duration": 8410,
          "root": false,
          "rootEmpty": false,
          "_timeout": 2000
        },
        {
          "uuid": "f3b7bf3c-12a2-4cbe-b708-baaa58f733ea",
          "title": "4 - Adicione à página um quadro de pixels, com 25 pixels.",
          "fullFile": "",
          "file": "",
          "beforeHooks": [],
          "afterHooks": [],
          "tests": [
            {
              "title": "Verifica se o quadro de pixels possui o `id` denominado `pixel-board`",
              "fullTitle": "4 - Adicione à página um quadro de pixels, com 25 pixels. Verifica se o quadro de pixels possui o `id` denominado `pixel-board`",
              "timedOut": null,
              "duration": 4232,
              "state": "failed",
              "speed": null,
              "pass": false,
              "fail": true,
              "pending": false,
              "context": null,
              "code": "cy.get('#pixel-board').should('be.visible');",
              "err": {
                "message": "CypressError: Timed out retrying: Expected to find element: '#pixel-board', but never found it.",
                "estack": "CypressError: Timed out retrying: Expected to find element: '#pixel-board', but never found it.\n    at cypressErr (http://localhost:34039/__cypress/runner/cypress_runner.js:149934:9)\n    at throwErr (http://localhost:34039/__cypress/runner/cypress_runner.js:149867:11)\n    at Object.throwErrByPath (http://localhost:34039/__cypress/runner/cypress_runner.js:149915:3)\n    at retry (http://localhost:34039/__cypress/runner/cypress_runner.js:144197:19)\n    at onFailFn (http://localhost:34039/__cypress/runner/cypress_runner.js:132448:16)\n    at tryCatcher (http://localhost:34039/__cypress/runner/cypress_runner.js:167415:23)\n    at Promise._settlePromiseFromHandler (http://localhost:34039/__cypress/runner/cypress_runner.js:165351:31)\n    at Promise._settlePromise (http://localhost:34039/__cypress/runner/cypress_runner.js:165408:18)\n    at Promise._settlePromise0 (http://localhost:34039/__cypress/runner/cypress_runner.js:165453:10)\n    at Promise._settlePromises (http://localhost:34039/__cypress/runner/cypress_runner.js:165528:18)\n    at Async../node_modules/bluebird/js/release/async.js.Async._drainQueue (http://localhost:34039/__cypress/runner/cypress_runner.js:162140:16)\n    at Async../node_modules/bluebird/js/release/async.js.Async._drainQueues (http://localhost:34039/__cypress/runner/cypress_runner.js:162150:10)\n    at Async.drainQueues (http://localhost:34039/__cypress/runner/cypress_runner.js:162024:14)",
                "diff": null
              },
              "uuid": "6c357e6c-a3ac-47bc-a407-7a1c4acb4719",
              "parentUUID": "f3b7bf3c-12a2-4cbe-b708-baaa58f733ea",
              "isHook": false,
              "skipped": false
            },
            {
              "title": "Verifica se cada pixel individual dentro do quadro possui a `classe` denominada `pixel`.",
              "fullTitle": "4 - Adicione à página um quadro de pixels, com 25 pixels. Verifica se cada pixel individual dentro do quadro possui a `classe` denominada `pixel`.",
              "timedOut": null,
              "duration": 4189,
              "state": "failed",
              "speed": null,
              "pass": false,
              "fail": true,
              "pending": false,
              "context": null,
              "code": "cy.get('.pixel').should('have.length', 25);",
              "err": {
                "message": "CypressError: Timed out retrying: Expected to find element: '.pixel', but never found it.",
                "estack": "CypressError: Timed out retrying: Expected to find element: '.pixel', but never found it.\n    at cypressErr (http://localhost:34039/__cypress/runner/cypress_runner.js:149934:9)\n    at throwErr (http://localhost:34039/__cypress/runner/cypress_runner.js:149867:11)\n    at Object.throwErrByPath (http://localhost:34039/__cypress/runner/cypress_runner.js:149915:3)\n    at retry (http://localhost:34039/__cypress/runner/cypress_runner.js:144197:19)\n    at onFailFn (http://localhost:34039/__cypress/runner/cypress_runner.js:132448:16)\n    at tryCatcher (http://localhost:34039/__cypress/runner/cypress_runner.js:167415:23)\n    at Promise._settlePromiseFromHandler (http://localhost:34039/__cypress/runner/cypress_runner.js:165351:31)\n    at Promise._settlePromise (http://localhost:34039/__cypress/runner/cypress_runner.js:165408:18)\n    at Promise._settlePromise0 (http://localhost:34039/__cypress/runner/cypress_runner.js:165453:10)\n    at Promise._settlePromises (http://localhost:34039/__cypress/runner/cypress_runner.js:165528:18)\n    at Async../node_modules/bluebird/js/release/async.js.Async._drainQueue (http://localhost:34039/__cypress/runner/cypress_runner.js:162140:16)\n    at Async../node_modules/bluebird/js/release/async.js.Async._drainQueues (http://localhost:34039/__cypress/runner/cypress_runner.js:162150:10)\n    at Async.drainQueues (http://localhost:34039/__cypress/runner/cypress_runner.js:162024:14)",
                "diff": null
              },
              "uuid": "40d47754-e622-4f2b-8a3f-c3a8e9e93a0e",
              "parentUUID": "f3b7bf3c-12a2-4cbe-b708-baaa58f733ea",
              "isHook": false,
              "skipped": false
            },
            {
              "title": "Verifica se a cor inicial dos pixels dentro do quadro, ao abrir a página, é branca.",
              "fullTitle": "4 - Adicione à página um quadro de pixels, com 25 pixels. Verifica se a cor inicial dos pixels dentro do quadro, ao abrir a página, é branca.",
              "timedOut": null,
              "duration": 4237,
              "state": "failed",
              "speed": null,
              "pass": false,
              "fail": true,
              "pending": false,
              "context": null,
              "code": "cy.get('.pixel').should('have.length', 25).each(function (pixel) {\n  expect(pixel).to.have.css('background-color', WHITE);\n});",
              "err": {
                "message": "CypressError: Timed out retrying: Expected to find element: '.pixel', but never found it.",
                "estack": "CypressError: Timed out retrying: Expected to find element: '.pixel', but never found it.\n    at cypressErr (http://localhost:34039/__cypress/runner/cypress_runner.js:149934:9)\n    at throwErr (http://localhost:34039/__cypress/runner/cypress_runner.js:149867:11)\n    at Object.throwErrByPath (http://localhost:34039/__cypress/runner/cypress_runner.js:149915:3)\n    at retry (http://localhost:34039/__cypress/runner/cypress_runner.js:144197:19)\n    at onFailFn (http://localhost:34039/__cypress/runner/cypress_runner.js:132448:16)\n    at tryCatcher (http://localhost:34039/__cypress/runner/cypress_runner.js:167415:23)\n    at Promise._settlePromiseFromHandler (http://localhost:34039/__cypress/runner/cypress_runner.js:165351:31)\n    at Promise._settlePromise (http://localhost:34039/__cypress/runner/cypress_runner.js:165408:18)\n    at Promise._settlePromise0 (http://localhost:34039/__cypress/runner/cypress_runner.js:165453:10)\n    at Promise._settlePromises (http://localhost:34039/__cypress/runner/cypress_runner.js:165528:18)\n    at Async../node_modules/bluebird/js/release/async.js.Async._drainQueue (http://localhost:34039/__cypress/runner/cypress_runner.js:162140:16)\n    at Async../node_modules/bluebird/js/release/async.js.Async._drainQueues (http://localhost:34039/__cypress/runner/cypress_runner.js:162150:10)\n    at Async.drainQueues (http://localhost:34039/__cypress/runner/cypress_runner.js:162024:14)",
                "diff": null
              },
              "uuid": "425aa29e-ce51-418f-94ca-c0e2163384fe",
              "parentUUID": "f3b7bf3c-12a2-4cbe-b708-baaa58f733ea",
              "isHook": false,
              "skipped": false
            },
            {
              "title": "Verifica se o quadro de pixels aparece abaixo da paleta de cores",
              "fullTitle": "4 - Adicione à página um quadro de pixels, com 25 pixels. Verifica se o quadro de pixels aparece abaixo da paleta de cores",
              "timedOut": null,
              "duration": 4202,
              "state": "failed",
              "speed": null,
              "pass": false,
              "fail": true,
              "pending": false,
              "context": null,
              "code": "cy.get('#color-palette').then(function (palette) {\n  cy.get('#pixel-board').should('be.belowOf', palette);\n});",
              "err": {
                "message": "CypressError: Timed out retrying: Expected to find element: '#color-palette', but never found it.",
                "estack": "CypressError: Timed out retrying: Expected to find element: '#color-palette', but never found it.\n    at cypressErr (http://localhost:34039/__cypress/runner/cypress_runner.js:149934:9)\n    at throwErr (http://localhost:34039/__cypress/runner/cypress_runner.js:149867:11)\n    at Object.throwErrByPath (http://localhost:34039/__cypress/runner/cypress_runner.js:149915:3)\n    at retry (http://localhost:34039/__cypress/runner/cypress_runner.js:144197:19)\n    at onFailFn (http://localhost:34039/__cypress/runner/cypress_runner.js:132448:16)\n    at tryCatcher (http://localhost:34039/__cypress/runner/cypress_runner.js:167415:23)\n    at Promise._settlePromiseFromHandler (http://localhost:34039/__cypress/runner/cypress_runner.js:165351:31)\n    at Promise._settlePromise (http://localhost:34039/__cypress/runner/cypress_runner.js:165408:18)\n    at Promise._settlePromise0 (http://localhost:34039/__cypress/runner/cypress_runner.js:165453:10)\n    at Promise._settlePromises (http://localhost:34039/__cypress/runner/cypress_runner.js:165528:18)\n    at Async../node_modules/bluebird/js/release/async.js.Async._drainQueue (http://localhost:34039/__cypress/runner/cypress_runner.js:162140:16)\n    at Async../node_modules/bluebird/js/release/async.js.Async._drainQueues (http://localhost:34039/__cypress/runner/cypress_runner.js:162150:10)\n    at Async.drainQueues (http://localhost:34039/__cypress/runner/cypress_runner.js:162024:14)",
                "diff": null
              },
              "uuid": "45e5e12c-f2e2-4a3b-b7e6-90dcc218b247",
              "parentUUID": "f3b7bf3c-12a2-4cbe-b708-baaa58f733ea",
              "isHook": false,
              "skipped": false
            }
          ],
          "suites": [],
          "passes": [],
          "failures": [
            "6c357e6c-a3ac-47bc-a407-7a1c4acb4719",
            "40d47754-e622-4f2b-8a3f-c3a8e9e93a0e",
            "425aa29e-ce51-418f-94ca-c0e2163384fe",
            "45e5e12c-f2e2-4a3b-b7e6-90dcc218b247"
          ],
          "pending": [],
          "skipped": [],
          "duration": 16860,
          "root": false,
          "rootEmpty": false,
          "_timeout": 2000
        },
        {
          "uuid": "826f74fb-b25f-4950-bb8c-3857174a8c06",
          "title": "5 - Faça com que cada elemento do quadro de pixels possua 40 pixels de largura, 40 pixels de altura e seja delimitado por uma borda preta de 1 pixel.",
          "fullFile": "",
          "file": "",
          "beforeHooks": [],
          "afterHooks": [],
          "tests": [
            {
              "title": "Verifica se o quadro de pixels tem altura e comprimento de 5 elementos",
              "fullTitle": "5 - Faça com que cada elemento do quadro de pixels possua 40 pixels de largura, 40 pixels de altura e seja delimitado por uma borda preta de 1 pixel. Verifica se o quadro de pixels tem altura e comprimento de 5 elementos",
              "timedOut": null,
              "duration": 4281,
              "state": "failed",
              "speed": null,
              "pass": false,
              "fail": true,
              "pending": false,
              "context": null,
              "code": "cy.get('.pixel').should('have.length', 25).each(function (pixel) {\n  expect(pixel).to.have.css('background-color', WHITE);\n}).and(function (pixels) {\n  var rows = chunk(pixels, 5);\n  rows.forEach(function (row) {\n    for (var index = 1; index < row.length; index += 1) {\n      var current = pixels[index];\n      var previous = pixels[index - 1];\n      cy.wrap(current).should('be.onTheRightOf', previous).and('be.horizontallyAlignedWith', previous);\n    }\n  });\n  for (var index = 1; index < 5; index += 1) {\n    expect(pixels[index * 5]).to.be.belowOf(pixels[(index - 1) * 5]);\n  }\n});",
              "err": {
                "message": "CypressError: Timed out retrying: Expected to find element: '.pixel', but never found it.",
                "estack": "CypressError: Timed out retrying: Expected to find element: '.pixel', but never found it.\n    at cypressErr (http://localhost:34039/__cypress/runner/cypress_runner.js:149934:9)\n    at throwErr (http://localhost:34039/__cypress/runner/cypress_runner.js:149867:11)\n    at Object.throwErrByPath (http://localhost:34039/__cypress/runner/cypress_runner.js:149915:3)\n    at retry (http://localhost:34039/__cypress/runner/cypress_runner.js:144197:19)\n    at onFailFn (http://localhost:34039/__cypress/runner/cypress_runner.js:132448:16)\n    at tryCatcher (http://localhost:34039/__cypress/runner/cypress_runner.js:167415:23)\n    at Promise._settlePromiseFromHandler (http://localhost:34039/__cypress/runner/cypress_runner.js:165351:31)\n    at Promise._settlePromise (http://localhost:34039/__cypress/runner/cypress_runner.js:165408:18)\n    at Promise._settlePromise0 (http://localhost:34039/__cypress/runner/cypress_runner.js:165453:10)\n    at Promise._settlePromises (http://localhost:34039/__cypress/runner/cypress_runner.js:165528:18)\n    at Async../node_modules/bluebird/js/release/async.js.Async._drainQueue (http://localhost:34039/__cypress/runner/cypress_runner.js:162140:16)\n    at Async../node_modules/bluebird/js/release/async.js.Async._drainQueues (http://localhost:34039/__cypress/runner/cypress_runner.js:162150:10)\n    at Async.drainQueues (http://localhost:34039/__cypress/runner/cypress_runner.js:162024:14)",
                "diff": null
              },
              "uuid": "396c9876-d1b3-421e-86c4-cc9fc3549670",
              "parentUUID": "826f74fb-b25f-4950-bb8c-3857174a8c06",
              "isHook": false,
              "skipped": false
            },
            {
              "title": "Verifica se 40 pixels é o tamanho total do elemento, incluindo seu conteúdo e excluindo a borda preta, que deve ser criada à parte.",
              "fullTitle": "5 - Faça com que cada elemento do quadro de pixels possua 40 pixels de largura, 40 pixels de altura e seja delimitado por uma borda preta de 1 pixel. Verifica se 40 pixels é o tamanho total do elemento, incluindo seu conteúdo e excluindo a borda preta, que deve ser criada à parte.",
              "timedOut": null,
              "duration": 4202,
              "state": "failed",
              "speed": null,
              "pass": false,
              "fail": true,
              "pending": false,
              "context": null,
              "code": "cy.get('.pixel').each(function (pixel) {\n  cy.wrap(pixel).should('have.css', 'height', '40px').and('have.css', 'width', '40px').and('have.css', 'border', \"1px solid \".concat(BLACK));\n});",
              "err": {
                "message": "CypressError: Timed out retrying: Expected to find element: '.pixel', but never found it.",
                "estack": "CypressError: Timed out retrying: Expected to find element: '.pixel', but never found it.\n    at cypressErr (http://localhost:34039/__cypress/runner/cypress_runner.js:149934:9)\n    at throwErr (http://localhost:34039/__cypress/runner/cypress_runner.js:149867:11)\n    at Object.throwErrByPath (http://localhost:34039/__cypress/runner/cypress_runner.js:149915:3)\n    at retry (http://localhost:34039/__cypress/runner/cypress_runner.js:144197:19)\n    at onFailFn (http://localhost:34039/__cypress/runner/cypress_runner.js:132448:16)\n    at tryCatcher (http://localhost:34039/__cypress/runner/cypress_runner.js:167415:23)\n    at Promise._settlePromiseFromHandler (http://localhost:34039/__cypress/runner/cypress_runner.js:165351:31)\n    at Promise._settlePromise (http://localhost:34039/__cypress/runner/cypress_runner.js:165408:18)\n    at Promise._settlePromise0 (http://localhost:34039/__cypress/runner/cypress_runner.js:165453:10)\n    at Promise._settlePromises (http://localhost:34039/__cypress/runner/cypress_runner.js:165528:18)\n    at Async../node_modules/bluebird/js/release/async.js.Async._drainQueue (http://localhost:34039/__cypress/runner/cypress_runner.js:162140:16)\n    at Async../node_modules/bluebird/js/release/async.js.Async._drainQueues (http://localhost:34039/__cypress/runner/cypress_runner.js:162150:10)\n    at Async.drainQueues (http://localhost:34039/__cypress/runner/cypress_runner.js:162024:14)",
                "diff": null
              },
              "uuid": "a8a9686e-baca-4d22-81fd-cb6bb4e9273c",
              "parentUUID": "826f74fb-b25f-4950-bb8c-3857174a8c06",
              "isHook": false,
              "skipped": false
            }
          ],
          "suites": [],
          "passes": [],
          "failures": [
            "396c9876-d1b3-421e-86c4-cc9fc3549670",
            "a8a9686e-baca-4d22-81fd-cb6bb4e9273c"
          ],
          "pending": [],
          "skipped": [],
          "duration": 8483,
          "root": false,
          "rootEmpty": false,
          "_timeout": 2000
        },
        {
          "uuid": "9d83ec2a-a386-4959-addd-996b298571bf",
          "title": "6 - Defina a cor preta como cor inicial. Ao carregar a página a cor preta já deve estar selecionada para pintar os pixels",
          "fullFile": "",
          "file": "",
          "beforeHooks": [],
          "afterHooks": [],
          "tests": [
            {
              "title": "Verifica se o elemento da cor preta possui, inicialmente, a `classe` `selected`",
              "fullTitle": "6 - Defina a cor preta como cor inicial. Ao carregar a página a cor preta já deve estar selecionada para pintar os pixels Verifica se o elemento da cor preta possui, inicialmente, a `classe` `selected`",
              "timedOut": null,
              "duration": 4268,
              "state": "failed",
              "speed": null,
              "pass": false,
              "fail": true,
              "pending": false,
              "context": null,
              "code": "cy.get('.selected').first().should('have.css', 'background-color', BLACK);",
              "err": {
                "message": "CypressError: Timed out retrying: Expected to find element: '.selected', but never found it.",
                "estack": "CypressError: Timed out retrying: Expected to find element: '.selected', but never found it.\n    at cypressErr (http://localhost:34039/__cypress/runner/cypress_runner.js:149934:9)\n    at throwErr (http://localhost:34039/__cypress/runner/cypress_runner.js:149867:11)\n    at Object.throwErrByPath (http://localhost:34039/__cypress/runner/cypress_runner.js:149915:3)\n    at retry (http://localhost:34039/__cypress/runner/cypress_runner.js:144197:19)\n    at onFailFn (http://localhost:34039/__cypress/runner/cypress_runner.js:132448:16)\n    at tryCatcher (http://localhost:34039/__cypress/runner/cypress_runner.js:167415:23)\n    at Promise._settlePromiseFromHandler (http://localhost:34039/__cypress/runner/cypress_runner.js:165351:31)\n    at Promise._settlePromise (http://localhost:34039/__cypress/runner/cypress_runner.js:165408:18)\n    at Promise._settlePromise0 (http://localhost:34039/__cypress/runner/cypress_runner.js:165453:10)\n    at Promise._settlePromises (http://localhost:34039/__cypress/runner/cypress_runner.js:165528:18)\n    at Async../node_modules/bluebird/js/release/async.js.Async._drainQueue (http://localhost:34039/__cypress/runner/cypress_runner.js:162140:16)\n    at Async../node_modules/bluebird/js/release/async.js.Async._drainQueues (http://localhost:34039/__cypress/runner/cypress_runner.js:162150:10)\n    at Async.drainQueues (http://localhost:34039/__cypress/runner/cypress_runner.js:162024:14)",
                "diff": null
              },
              "uuid": "ca01a2f8-38c4-4087-b511-9f8a24052991",
              "parentUUID": "9d83ec2a-a386-4959-addd-996b298571bf",
              "isHook": false,
              "skipped": false
            },
            {
              "title": "Verifica se nenhuma outra cor da paleta tem a `classe` `selected`",
              "fullTitle": "6 - Defina a cor preta como cor inicial. Ao carregar a página a cor preta já deve estar selecionada para pintar os pixels Verifica se nenhuma outra cor da paleta tem a `classe` `selected`",
              "timedOut": null,
              "duration": 4204,
              "state": "failed",
              "speed": null,
              "pass": false,
              "fail": true,
              "pending": false,
              "context": null,
              "code": "cy.get('.color:not(:first-child)').each(function (color) {\n  cy.wrap(color).should('not.have.class', 'selected');\n});",
              "err": {
                "message": "CypressError: Timed out retrying: Expected to find element: '.color:not(:first-child)', but never found it.",
                "estack": "CypressError: Timed out retrying: Expected to find element: '.color:not(:first-child)', but never found it.\n    at cypressErr (http://localhost:34039/__cypress/runner/cypress_runner.js:149934:9)\n    at throwErr (http://localhost:34039/__cypress/runner/cypress_runner.js:149867:11)\n    at Object.throwErrByPath (http://localhost:34039/__cypress/runner/cypress_runner.js:149915:3)\n    at retry (http://localhost:34039/__cypress/runner/cypress_runner.js:144197:19)\n    at onFailFn (http://localhost:34039/__cypress/runner/cypress_runner.js:132448:16)\n    at tryCatcher (http://localhost:34039/__cypress/runner/cypress_runner.js:167415:23)\n    at Promise._settlePromiseFromHandler (http://localhost:34039/__cypress/runner/cypress_runner.js:165351:31)\n    at Promise._settlePromise (http://localhost:34039/__cypress/runner/cypress_runner.js:165408:18)\n    at Promise._settlePromise0 (http://localhost:34039/__cypress/runner/cypress_runner.js:165453:10)\n    at Promise._settlePromises (http://localhost:34039/__cypress/runner/cypress_runner.js:165528:18)\n    at Async../node_modules/bluebird/js/release/async.js.Async._drainQueue (http://localhost:34039/__cypress/runner/cypress_runner.js:162140:16)\n    at Async../node_modules/bluebird/js/release/async.js.Async._drainQueues (http://localhost:34039/__cypress/runner/cypress_runner.js:162150:10)\n    at Async.drainQueues (http://localhost:34039/__cypress/runner/cypress_runner.js:162024:14)",
                "diff": null
              },
              "uuid": "6c5929a6-47c3-4b5d-85d4-e461d36d00c2",
              "parentUUID": "9d83ec2a-a386-4959-addd-996b298571bf",
              "isHook": false,
              "skipped": false
            }
          ],
          "suites": [],
          "passes": [],
          "failures": [
            "ca01a2f8-38c4-4087-b511-9f8a24052991",
            "6c5929a6-47c3-4b5d-85d4-e461d36d00c2"
          ],
          "pending": [],
          "skipped": [],
          "duration": 8472,
          "root": false,
          "rootEmpty": false,
          "_timeout": 2000
        },
        {
          "uuid": "bcf17d59-71af-4327-bb08-c1729db3b577",
          "title": "7 - Clicar em uma das cores da paleta, faz com que ela seja selecionada e utilizada para preencher os pixels no quadro.",
          "fullFile": "",
          "file": "",
          "beforeHooks": [],
          "afterHooks": [],
          "tests": [
            {
              "title": "Verifica se somente uma cor da paleta de cores tem a classe `selected` de cada vez",
              "fullTitle": "7 - Clicar em uma das cores da paleta, faz com que ela seja selecionada e utilizada para preencher os pixels no quadro. Verifica se somente uma cor da paleta de cores tem a classe `selected` de cada vez",
              "timedOut": null,
              "duration": 4244,
              "state": "failed",
              "speed": null,
              "pass": false,
              "fail": true,
              "pending": false,
              "context": null,
              "code": "cy.get('.color').each(function (selectedColor, selectedColorIndex) {\n  cy.wrap(selectedColor).click();\n  cy.get('.color').each(function (color, colorIndex) {\n    if (colorIndex === selectedColorIndex) {\n      expect(color).to.have[\"class\"]('selected');\n    } else {\n      expect(color).not.to.have[\"class\"]('selected');\n    }\n  });\n});",
              "err": {
                "message": "CypressError: Timed out retrying: Expected to find element: '.color', but never found it.",
                "estack": "CypressError: Timed out retrying: Expected to find element: '.color', but never found it.\n    at cypressErr (http://localhost:34039/__cypress/runner/cypress_runner.js:149934:9)\n    at throwErr (http://localhost:34039/__cypress/runner/cypress_runner.js:149867:11)\n    at Object.throwErrByPath (http://localhost:34039/__cypress/runner/cypress_runner.js:149915:3)\n    at retry (http://localhost:34039/__cypress/runner/cypress_runner.js:144197:19)\n    at onFailFn (http://localhost:34039/__cypress/runner/cypress_runner.js:132448:16)\n    at tryCatcher (http://localhost:34039/__cypress/runner/cypress_runner.js:167415:23)\n    at Promise._settlePromiseFromHandler (http://localhost:34039/__cypress/runner/cypress_runner.js:165351:31)\n    at Promise._settlePromise (http://localhost:34039/__cypress/runner/cypress_runner.js:165408:18)\n    at Promise._settlePromise0 (http://localhost:34039/__cypress/runner/cypress_runner.js:165453:10)\n    at Promise._settlePromises (http://localhost:34039/__cypress/runner/cypress_runner.js:165528:18)\n    at Async../node_modules/bluebird/js/release/async.js.Async._drainQueue (http://localhost:34039/__cypress/runner/cypress_runner.js:162140:16)\n    at Async../node_modules/bluebird/js/release/async.js.Async._drainQueues (http://localhost:34039/__cypress/runner/cypress_runner.js:162150:10)\n    at Async.drainQueues (http://localhost:34039/__cypress/runner/cypress_runner.js:162024:14)",
                "diff": null
              },
              "uuid": "d16eb5b2-b882-4c68-adcd-3bfc1623d5a6",
              "parentUUID": "bcf17d59-71af-4327-bb08-c1729db3b577",
              "isHook": false,
              "skipped": false
            },
            {
              "title": "Verifica se os pixels dentro do quadro não têm a classe `selected` quando são clicados",
              "fullTitle": "7 - Clicar em uma das cores da paleta, faz com que ela seja selecionada e utilizada para preencher os pixels no quadro. Verifica se os pixels dentro do quadro não têm a classe `selected` quando são clicados",
              "timedOut": null,
              "duration": 4256,
              "state": "failed",
              "speed": null,
              "pass": false,
              "fail": true,
              "pending": false,
              "context": null,
              "code": "cy.get('.color').each(function (color) {\n  var backgroundColor = color.css('background-color');\n  cy.wrap(color).click();\n  cy.get('.pixel').each(function (pixel) {\n    cy.wrap(pixel).click().should('not.have.class', 'selected');\n  });\n});",
              "err": {
                "message": "CypressError: Timed out retrying: Expected to find element: '.color', but never found it.",
                "estack": "CypressError: Timed out retrying: Expected to find element: '.color', but never found it.\n    at cypressErr (http://localhost:34039/__cypress/runner/cypress_runner.js:149934:9)\n    at throwErr (http://localhost:34039/__cypress/runner/cypress_runner.js:149867:11)\n    at Object.throwErrByPath (http://localhost:34039/__cypress/runner/cypress_runner.js:149915:3)\n    at retry (http://localhost:34039/__cypress/runner/cypress_runner.js:144197:19)\n    at onFailFn (http://localhost:34039/__cypress/runner/cypress_runner.js:132448:16)\n    at tryCatcher (http://localhost:34039/__cypress/runner/cypress_runner.js:167415:23)\n    at Promise._settlePromiseFromHandler (http://localhost:34039/__cypress/runner/cypress_runner.js:165351:31)\n    at Promise._settlePromise (http://localhost:34039/__cypress/runner/cypress_runner.js:165408:18)\n    at Promise._settlePromise0 (http://localhost:34039/__cypress/runner/cypress_runner.js:165453:10)\n    at Promise._settlePromises (http://localhost:34039/__cypress/runner/cypress_runner.js:165528:18)\n    at Async../node_modules/bluebird/js/release/async.js.Async._drainQueue (http://localhost:34039/__cypress/runner/cypress_runner.js:162140:16)\n    at Async../node_modules/bluebird/js/release/async.js.Async._drainQueues (http://localhost:34039/__cypress/runner/cypress_runner.js:162150:10)\n    at Async.drainQueues (http://localhost:34039/__cypress/runner/cypress_runner.js:162024:14)",
                "diff": null
              },
              "uuid": "de2baa3a-ca04-4206-a0d2-86d35fab0522",
              "parentUUID": "bcf17d59-71af-4327-bb08-c1729db3b577",
              "isHook": false,
              "skipped": false
            }
          ],
          "suites": [],
          "passes": [],
          "failures": [
            "d16eb5b2-b882-4c68-adcd-3bfc1623d5a6",
            "de2baa3a-ca04-4206-a0d2-86d35fab0522"
          ],
          "pending": [],
          "skipped": [],
          "duration": 8500,
          "root": false,
          "rootEmpty": false,
          "_timeout": 2000
        },
        {
          "uuid": "39cf1aef-edd9-42ce-a159-9a14cd4c95f4",
          "title": "8 - Clicar em um pixel dentro do quadro após selecionar uma cor na paleta, faz com que o pixel seja preenchido com a cor selecionada.",
          "fullFile": "",
          "file": "",
          "beforeHooks": [],
          "afterHooks": [],
          "tests": [
            {
              "title": "Verifica se ao carregar a página deve ser possível pintar os pixels de preto",
              "fullTitle": "8 - Clicar em um pixel dentro do quadro após selecionar uma cor na paleta, faz com que o pixel seja preenchido com a cor selecionada. Verifica se ao carregar a página deve ser possível pintar os pixels de preto",
              "timedOut": null,
              "duration": 4250,
              "state": "failed",
              "speed": null,
              "pass": false,
              "fail": true,
              "pending": false,
              "context": null,
              "code": "cy.get('.pixel').each(function (pixel) {\n  cy.wrap(pixel).click().should('have.css', 'background-color', BLACK);\n});",
              "err": {
                "message": "CypressError: Timed out retrying: Expected to find element: '.pixel', but never found it.",
                "estack": "CypressError: Timed out retrying: Expected to find element: '.pixel', but never found it.\n    at cypressErr (http://localhost:34039/__cypress/runner/cypress_runner.js:149934:9)\n    at throwErr (http://localhost:34039/__cypress/runner/cypress_runner.js:149867:11)\n    at Object.throwErrByPath (http://localhost:34039/__cypress/runner/cypress_runner.js:149915:3)\n    at retry (http://localhost:34039/__cypress/runner/cypress_runner.js:144197:19)\n    at onFailFn (http://localhost:34039/__cypress/runner/cypress_runner.js:132448:16)\n    at tryCatcher (http://localhost:34039/__cypress/runner/cypress_runner.js:167415:23)\n    at Promise._settlePromiseFromHandler (http://localhost:34039/__cypress/runner/cypress_runner.js:165351:31)\n    at Promise._settlePromise (http://localhost:34039/__cypress/runner/cypress_runner.js:165408:18)\n    at Promise._settlePromise0 (http://localhost:34039/__cypress/runner/cypress_runner.js:165453:10)\n    at Promise._settlePromises (http://localhost:34039/__cypress/runner/cypress_runner.js:165528:18)\n    at Async../node_modules/bluebird/js/release/async.js.Async._drainQueue (http://localhost:34039/__cypress/runner/cypress_runner.js:162140:16)\n    at Async../node_modules/bluebird/js/release/async.js.Async._drainQueues (http://localhost:34039/__cypress/runner/cypress_runner.js:162150:10)\n    at Async.drainQueues (http://localhost:34039/__cypress/runner/cypress_runner.js:162024:14)",
                "diff": null
              },
              "uuid": "fbcc175b-eb13-4b1d-9d2a-cdccf59e10d7",
              "parentUUID": "39cf1aef-edd9-42ce-a159-9a14cd4c95f4",
              "isHook": false,
              "skipped": false
            },
            {
              "title": "Verifica se após selecionar uma outra cor na paleta, é possível pintar os pixels com essa cor",
              "fullTitle": "8 - Clicar em um pixel dentro do quadro após selecionar uma cor na paleta, faz com que o pixel seja preenchido com a cor selecionada. Verifica se após selecionar uma outra cor na paleta, é possível pintar os pixels com essa cor",
              "timedOut": null,
              "duration": 4277,
              "state": "failed",
              "speed": null,
              "pass": false,
              "fail": true,
              "pending": false,
              "context": null,
              "code": "cy.get('.color').each(function (color) {\n  var backgroundColor = color.css('background-color');\n  cy.wrap(color).click();\n  cy.get('.pixel').each(function (pixel) {\n    cy.wrap(pixel).click().should('have.css', 'background-color', backgroundColor);\n  });\n});",
              "err": {
                "message": "CypressError: Timed out retrying: Expected to find element: '.color', but never found it.",
                "estack": "CypressError: Timed out retrying: Expected to find element: '.color', but never found it.\n    at cypressErr (http://localhost:34039/__cypress/runner/cypress_runner.js:149934:9)\n    at throwErr (http://localhost:34039/__cypress/runner/cypress_runner.js:149867:11)\n    at Object.throwErrByPath (http://localhost:34039/__cypress/runner/cypress_runner.js:149915:3)\n    at retry (http://localhost:34039/__cypress/runner/cypress_runner.js:144197:19)\n    at onFailFn (http://localhost:34039/__cypress/runner/cypress_runner.js:132448:16)\n    at tryCatcher (http://localhost:34039/__cypress/runner/cypress_runner.js:167415:23)\n    at Promise._settlePromiseFromHandler (http://localhost:34039/__cypress/runner/cypress_runner.js:165351:31)\n    at Promise._settlePromise (http://localhost:34039/__cypress/runner/cypress_runner.js:165408:18)\n    at Promise._settlePromise0 (http://localhost:34039/__cypress/runner/cypress_runner.js:165453:10)\n    at Promise._settlePromises (http://localhost:34039/__cypress/runner/cypress_runner.js:165528:18)\n    at Async../node_modules/bluebird/js/release/async.js.Async._drainQueue (http://localhost:34039/__cypress/runner/cypress_runner.js:162140:16)\n    at Async../node_modules/bluebird/js/release/async.js.Async._drainQueues (http://localhost:34039/__cypress/runner/cypress_runner.js:162150:10)\n    at Async.drainQueues (http://localhost:34039/__cypress/runner/cypress_runner.js:162024:14)",
                "diff": null
              },
              "uuid": "7fb46755-c76a-440a-b466-a464fe76bfa5",
              "parentUUID": "39cf1aef-edd9-42ce-a159-9a14cd4c95f4",
              "isHook": false,
              "skipped": false
            },
            {
              "title": "Verifica se somente o pixel que foi clicado foi preenchido com a cor selecionada, sem influenciar na cor dos demais pixels.",
              "fullTitle": "8 - Clicar em um pixel dentro do quadro após selecionar uma cor na paleta, faz com que o pixel seja preenchido com a cor selecionada. Verifica se somente o pixel que foi clicado foi preenchido com a cor selecionada, sem influenciar na cor dos demais pixels.",
              "timedOut": null,
              "duration": 4248,
              "state": "failed",
              "speed": null,
              "pass": false,
              "fail": true,
              "pending": false,
              "context": null,
              "code": "var colorToPixelIndexMap = {\n  0: 6,\n  1: 8,\n  2: 16,\n  3: 18\n};\ncy.get('.color').each(function (color, index) {\n  cy.wrap(color).click();\n  var backgroundColor = color.css('background-color');\n  var clickedPixelIndex = colorToPixelIndexMap[index];\n  cy.get('.pixel').eq(clickedPixelIndex).click();\n  cy.get('.pixel').eq(clickedPixelIndex - 1).should('not.have.css', 'background-color', backgroundColor);\n  cy.get('.pixel').eq(clickedPixelIndex + 1).should('not.have.css', 'background-color', backgroundColor);\n  cy.get('.pixel').eq(clickedPixelIndex - 5).should('not.have.css', 'background-color', backgroundColor);\n  cy.get('.pixel').eq(clickedPixelIndex + 5).should('not.have.css', 'background-color', backgroundColor);\n  cy.get('.pixel').eq(clickedPixelIndex - 6).should('not.have.css', 'background-color', backgroundColor);\n  cy.get('.pixel').eq(clickedPixelIndex - 4).should('not.have.css', 'background-color', backgroundColor);\n  cy.get('.pixel').eq(clickedPixelIndex + 4).should('not.have.css', 'background-color', backgroundColor);\n  cy.get('.pixel').eq(clickedPixelIndex + 6).should('not.have.css', 'background-color', backgroundColor);\n});",
              "err": {
                "message": "CypressError: Timed out retrying: Expected to find element: '.color', but never found it.",
                "estack": "CypressError: Timed out retrying: Expected to find element: '.color', but never found it.\n    at cypressErr (http://localhost:34039/__cypress/runner/cypress_runner.js:149934:9)\n    at throwErr (http://localhost:34039/__cypress/runner/cypress_runner.js:149867:11)\n    at Object.throwErrByPath (http://localhost:34039/__cypress/runner/cypress_runner.js:149915:3)\n    at retry (http://localhost:34039/__cypress/runner/cypress_runner.js:144197:19)\n    at onFailFn (http://localhost:34039/__cypress/runner/cypress_runner.js:132448:16)\n    at tryCatcher (http://localhost:34039/__cypress/runner/cypress_runner.js:167415:23)\n    at Promise._settlePromiseFromHandler (http://localhost:34039/__cypress/runner/cypress_runner.js:165351:31)\n    at Promise._settlePromise (http://localhost:34039/__cypress/runner/cypress_runner.js:165408:18)\n    at Promise._settlePromise0 (http://localhost:34039/__cypress/runner/cypress_runner.js:165453:10)\n    at Promise._settlePromises (http://localhost:34039/__cypress/runner/cypress_runner.js:165528:18)\n    at Async../node_modules/bluebird/js/release/async.js.Async._drainQueue (http://localhost:34039/__cypress/runner/cypress_runner.js:162140:16)\n    at Async../node_modules/bluebird/js/release/async.js.Async._drainQueues (http://localhost:34039/__cypress/runner/cypress_runner.js:162150:10)\n    at Async.drainQueues (http://localhost:34039/__cypress/runner/cypress_runner.js:162024:14)",
                "diff": null
              },
              "uuid": "2a5cbb83-cb19-4144-8671-ade4fae98ab3",
              "parentUUID": "39cf1aef-edd9-42ce-a159-9a14cd4c95f4",
              "isHook": false,
              "skipped": false
            }
          ],
          "suites": [],
          "passes": [],
          "failures": [
            "fbcc175b-eb13-4b1d-9d2a-cdccf59e10d7",
            "7fb46755-c76a-440a-b466-a464fe76bfa5",
            "2a5cbb83-cb19-4144-8671-ade4fae98ab3"
          ],
          "pending": [],
          "skipped": [],
          "duration": 12775,
          "root": false,
          "rootEmpty": false,
          "_timeout": 2000
        },
        {
          "uuid": "87bd4791-dacd-4ef3-87a8-2059e9660995",
          "title": "9 - Crie um botão que, ao ser clicado, limpa o quadro preenchendo a cor de todos seus pixels com branco.",
          "fullFile": "",
          "file": "",
          "beforeHooks": [],
          "afterHooks": [],
          "tests": [
            {
              "title": "Verifica se o botão tem o `id` denominado `clear-board`",
              "fullTitle": "9 - Crie um botão que, ao ser clicado, limpa o quadro preenchendo a cor de todos seus pixels com branco. Verifica se o botão tem o `id` denominado `clear-board`",
              "timedOut": null,
              "duration": 4244,
              "state": "failed",
              "speed": null,
              "pass": false,
              "fail": true,
              "pending": false,
              "context": null,
              "code": "cy.get('#clear-board').should('be.visible');",
              "err": {
                "message": "CypressError: Timed out retrying: Expected to find element: '#clear-board', but never found it.",
                "estack": "CypressError: Timed out retrying: Expected to find element: '#clear-board', but never found it.\n    at cypressErr (http://localhost:34039/__cypress/runner/cypress_runner.js:149934:9)\n    at throwErr (http://localhost:34039/__cypress/runner/cypress_runner.js:149867:11)\n    at Object.throwErrByPath (http://localhost:34039/__cypress/runner/cypress_runner.js:149915:3)\n    at retry (http://localhost:34039/__cypress/runner/cypress_runner.js:144197:19)\n    at onFailFn (http://localhost:34039/__cypress/runner/cypress_runner.js:132448:16)\n    at tryCatcher (http://localhost:34039/__cypress/runner/cypress_runner.js:167415:23)\n    at Promise._settlePromiseFromHandler (http://localhost:34039/__cypress/runner/cypress_runner.js:165351:31)\n    at Promise._settlePromise (http://localhost:34039/__cypress/runner/cypress_runner.js:165408:18)\n    at Promise._settlePromise0 (http://localhost:34039/__cypress/runner/cypress_runner.js:165453:10)\n    at Promise._settlePromises (http://localhost:34039/__cypress/runner/cypress_runner.js:165528:18)\n    at Async../node_modules/bluebird/js/release/async.js.Async._drainQueue (http://localhost:34039/__cypress/runner/cypress_runner.js:162140:16)\n    at Async../node_modules/bluebird/js/release/async.js.Async._drainQueues (http://localhost:34039/__cypress/runner/cypress_runner.js:162150:10)\n    at Async.drainQueues (http://localhost:34039/__cypress/runner/cypress_runner.js:162024:14)",
                "diff": null
              },
              "uuid": "61a8085c-439a-415c-8278-a4fb69e2f6f8",
              "parentUUID": "87bd4791-dacd-4ef3-87a8-2059e9660995",
              "isHook": false,
              "skipped": false
            },
            {
              "title": "Verifica se o botão está posicionado entre a paleta de cores e o quadro de pixels",
              "fullTitle": "9 - Crie um botão que, ao ser clicado, limpa o quadro preenchendo a cor de todos seus pixels com branco. Verifica se o botão está posicionado entre a paleta de cores e o quadro de pixels",
              "timedOut": null,
              "duration": 4252,
              "state": "failed",
              "speed": null,
              "pass": false,
              "fail": true,
              "pending": false,
              "context": null,
              "code": "cy.get('#color-palette').then(function (palette) {\n  cy.get('#clear-board').should('be.belowOf', palette);\n});\ncy.get('#clear-board').then(function (clearBtn) {\n  cy.get('#pixel-board').should('be.belowOf', clearBtn);\n});",
              "err": {
                "message": "CypressError: Timed out retrying: Expected to find element: '#color-palette', but never found it.",
                "estack": "CypressError: Timed out retrying: Expected to find element: '#color-palette', but never found it.\n    at cypressErr (http://localhost:34039/__cypress/runner/cypress_runner.js:149934:9)\n    at throwErr (http://localhost:34039/__cypress/runner/cypress_runner.js:149867:11)\n    at Object.throwErrByPath (http://localhost:34039/__cypress/runner/cypress_runner.js:149915:3)\n    at retry (http://localhost:34039/__cypress/runner/cypress_runner.js:144197:19)\n    at onFailFn (http://localhost:34039/__cypress/runner/cypress_runner.js:132448:16)\n    at tryCatcher (http://localhost:34039/__cypress/runner/cypress_runner.js:167415:23)\n    at Promise._settlePromiseFromHandler (http://localhost:34039/__cypress/runner/cypress_runner.js:165351:31)\n    at Promise._settlePromise (http://localhost:34039/__cypress/runner/cypress_runner.js:165408:18)\n    at Promise._settlePromise0 (http://localhost:34039/__cypress/runner/cypress_runner.js:165453:10)\n    at Promise._settlePromises (http://localhost:34039/__cypress/runner/cypress_runner.js:165528:18)\n    at Async../node_modules/bluebird/js/release/async.js.Async._drainQueue (http://localhost:34039/__cypress/runner/cypress_runner.js:162140:16)\n    at Async../node_modules/bluebird/js/release/async.js.Async._drainQueues (http://localhost:34039/__cypress/runner/cypress_runner.js:162150:10)\n    at Async.drainQueues (http://localhost:34039/__cypress/runner/cypress_runner.js:162024:14)",
                "diff": null
              },
              "uuid": "813d60e3-0648-4e94-86af-243a18828eb7",
              "parentUUID": "87bd4791-dacd-4ef3-87a8-2059e9660995",
              "isHook": false,
              "skipped": false
            },
            {
              "title": "Verifica se o texto do botão é 'Limpar'",
              "fullTitle": "9 - Crie um botão que, ao ser clicado, limpa o quadro preenchendo a cor de todos seus pixels com branco. Verifica se o texto do botão é 'Limpar'",
              "timedOut": null,
              "duration": 4231,
              "state": "failed",
              "speed": null,
              "pass": false,
              "fail": true,
              "pending": false,
              "context": null,
              "code": "cy.get('#clear-board').should('contain.text', 'Limpar');",
              "err": {
                "message": "CypressError: Timed out retrying: Expected to find element: '#clear-board', but never found it.",
                "estack": "CypressError: Timed out retrying: Expected to find element: '#clear-board', but never found it.\n    at cypressErr (http://localhost:34039/__cypress/runner/cypress_runner.js:149934:9)\n    at throwErr (http://localhost:34039/__cypress/runner/cypress_runner.js:149867:11)\n    at Object.throwErrByPath (http://localhost:34039/__cypress/runner/cypress_runner.js:149915:3)\n    at retry (http://localhost:34039/__cypress/runner/cypress_runner.js:144197:19)\n    at onFailFn (http://localhost:34039/__cypress/runner/cypress_runner.js:132448:16)\n    at tryCatcher (http://localhost:34039/__cypress/runner/cypress_runner.js:167415:23)\n    at Promise._settlePromiseFromHandler (http://localhost:34039/__cypress/runner/cypress_runner.js:165351:31)\n    at Promise._settlePromise (http://localhost:34039/__cypress/runner/cypress_runner.js:165408:18)\n    at Promise._settlePromise0 (http://localhost:34039/__cypress/runner/cypress_runner.js:165453:10)\n    at Promise._settlePromises (http://localhost:34039/__cypress/runner/cypress_runner.js:165528:18)\n    at Async../node_modules/bluebird/js/release/async.js.Async._drainQueue (http://localhost:34039/__cypress/runner/cypress_runner.js:162140:16)\n    at Async../node_modules/bluebird/js/release/async.js.Async._drainQueues (http://localhost:34039/__cypress/runner/cypress_runner.js:162150:10)\n    at Async.drainQueues (http://localhost:34039/__cypress/runner/cypress_runner.js:162024:14)",
                "diff": null
              },
              "uuid": "66d0a760-f489-4909-a497-842fbac28a16",
              "parentUUID": "87bd4791-dacd-4ef3-87a8-2059e9660995",
              "isHook": false,
              "skipped": false
            },
            {
              "title": "Verifica se ao clicar no botão, o quadro de pixels é totalmente preenchido de branco",
              "fullTitle": "9 - Crie um botão que, ao ser clicado, limpa o quadro preenchendo a cor de todos seus pixels com branco. Verifica se ao clicar no botão, o quadro de pixels é totalmente preenchido de branco",
              "timedOut": null,
              "duration": 4224,
              "state": "failed",
              "speed": null,
              "pass": false,
              "fail": true,
              "pending": false,
              "context": null,
              "code": "cy.get('.color').eq(1).then(function (color) {\n  var backgroundColor = color.css('background-color');\n  cy.wrap(color).click();\n  cy.get('.pixel').each(function (pixel) {\n    cy.wrap(pixel).click().should('have.css', 'background-color', backgroundColor);\n  });\n});\ncy.get('#clear-board').click();\ncy.get('.pixel').each(function (pixel) {\n  cy.wrap(pixel).should('have.css', 'background-color', WHITE);\n});",
              "err": {
                "message": "CypressError: Timed out retrying: Expected to find element: '.color', but never found it.",
                "estack": "CypressError: Timed out retrying: Expected to find element: '.color', but never found it.\n    at cypressErr (http://localhost:34039/__cypress/runner/cypress_runner.js:149934:9)\n    at throwErr (http://localhost:34039/__cypress/runner/cypress_runner.js:149867:11)\n    at Object.throwErrByPath (http://localhost:34039/__cypress/runner/cypress_runner.js:149915:3)\n    at retry (http://localhost:34039/__cypress/runner/cypress_runner.js:144197:19)\n    at onFailFn (http://localhost:34039/__cypress/runner/cypress_runner.js:132448:16)\n    at tryCatcher (http://localhost:34039/__cypress/runner/cypress_runner.js:167415:23)\n    at Promise._settlePromiseFromHandler (http://localhost:34039/__cypress/runner/cypress_runner.js:165351:31)\n    at Promise._settlePromise (http://localhost:34039/__cypress/runner/cypress_runner.js:165408:18)\n    at Promise._settlePromise0 (http://localhost:34039/__cypress/runner/cypress_runner.js:165453:10)\n    at Promise._settlePromises (http://localhost:34039/__cypress/runner/cypress_runner.js:165528:18)\n    at Async../node_modules/bluebird/js/release/async.js.Async._drainQueue (http://localhost:34039/__cypress/runner/cypress_runner.js:162140:16)\n    at Async../node_modules/bluebird/js/release/async.js.Async._drainQueues (http://localhost:34039/__cypress/runner/cypress_runner.js:162150:10)\n    at Async.drainQueues (http://localhost:34039/__cypress/runner/cypress_runner.js:162024:14)",
                "diff": null
              },
              "uuid": "8e9e9081-dc38-45a3-a97c-3a8c17009168",
              "parentUUID": "87bd4791-dacd-4ef3-87a8-2059e9660995",
              "isHook": false,
              "skipped": false
            }
          ],
          "suites": [],
          "passes": [],
          "failures": [
            "61a8085c-439a-415c-8278-a4fb69e2f6f8",
            "813d60e3-0648-4e94-86af-243a18828eb7",
            "66d0a760-f489-4909-a497-842fbac28a16",
            "8e9e9081-dc38-45a3-a97c-3a8c17009168"
          ],
          "pending": [],
          "skipped": [],
          "duration": 16951,
          "root": false,
          "rootEmpty": false,
          "_timeout": 2000
        },
        {
          "uuid": "cdd79350-0d05-4d5a-a907-4cba543e6f47",
          "title": "10 - Faça o quadro de pixels ter seu tamanho definido pelo usuário.",
          "fullFile": "",
          "file": "",
          "beforeHooks": [],
          "afterHooks": [],
          "tests": [
            {
              "title": "Verifica se existe um input com o id `board-size`",
              "fullTitle": "10 - Faça o quadro de pixels ter seu tamanho definido pelo usuário. Verifica se existe um input com o id `board-size`",
              "timedOut": null,
              "duration": 4334,
              "state": "failed",
              "speed": null,
              "pass": false,
              "fail": true,
              "pending": false,
              "context": null,
              "code": "cy.get('#board-size').should('be.visible');",
              "err": {
                "message": "CypressError: Timed out retrying: Expected to find element: '#board-size', but never found it.",
[...]
                "diff": null
              },
              "uuid": "fc51fd13-3bfb-49a9-8f71-b6a9185c5818",
              "parentUUID": "cdd79350-0d05-4d5a-a907-4cba543e6f47",
              "isHook": false,
              "skipped": false
            },
            {
              "title": "Verifica se o novo quadro tem todos os pixels preenchidos com a cor branca",
              "fullTitle": "10 - Faça o quadro de pixels ter seu tamanho definido pelo usuário. Verifica se o novo quadro tem todos os pixels preenchidos com a cor branca",
              "timedOut": null,
              "duration": 4220,
              "state": "failed",
              "speed": null,
              "pass": false,
              "fail": true,
              "pending": false,
              "context": null,
              "code": "cy.get('#board-size').clear().type(6);\ncy.get('#generate-board').click();\ncy.get('.pixel').should('have.length', 36).each(function (pixel) {\n  expect(pixel).to.have.css('background-color', WHITE);\n});",
              "err": {
                "message": "CypressError: Timed out retrying: Expected to find element: '#board-size', but never found it.",
                "estack": "CypressError: Timed out retrying: Expected to find element: '#board-size', but never found it.\n    at cypressErr (http://localhost:34039/__cypress/runner/cypress_runner.js:149934:9)\n    at throwErr (http://localhost:34039/__cypress/runner/cypress_runner.js:149867:11)\n    at Object.throwErrByPath (http://localhost:34039/__cypress/runner/cypress_runner.js:149915:3)\n    at retry (http://localhost:34039/__cypress/runner/cypress_runner.js:144197:19)\n    at onFailFn (http://localhost:34039/__cypress/runner/cypress_runner.js:132448:16)\n    at tryCatcher (http://localhost:34039/__cypress/runner/cypress_runner.js:167415:23)\n    at Promise._settlePromiseFromHandler (http://localhost:34039/__cypress/runner/cypress_runner.js:165351:31)\n    at Promise._settlePromise (http://localhost:34039/__cypress/runner/cypress_runner.js:165408:18)\n    at Promise._settlePromise0 (http://localhost:34039/__cypress/runner/cypress_runner.js:165453:10)\n    at Promise._settlePromises (http://localhost:34039/__cypress/runner/cypress_runner.js:165528:18)\n    at Async../node_modules/bluebird/js/release/async.js.Async._drainQueue (http://localhost:34039/__cypress/runner/cypress_runner.js:162140:16)\n    at Async../node_modules/bluebird/js/release/async.js.Async._drainQueues (http://localhost:34039/__cypress/runner/cypress_runner.js:162150:10)\n    at Async.drainQueues (http://localhost:34039/__cypress/runner/cypress_runner.js:162024:14)",
                "diff": null
              },
              "uuid": "621ce436-b53b-41aa-8f98-68355f048849",
              "parentUUID": "cdd79350-0d05-4d5a-a907-4cba543e6f47",
              "isHook": false,
              "skipped": false
            }
          ],
          "suites": [],
          "passes": [],
          "failures": [
            "7b277841-a61d-4017-9607-246160ae2dde",
            "73e217bd-9f59-42e3-a72d-f51ef80b33f0",
            "146c39ba-fdfc-4ff7-b714-8737c54ca957",
            "1dad5b4f-67d2-46c6-bcbb-347e8de6619b",
            "d916e4aa-eb33-458d-98f1-ac84d6dbbb2c",
            "59de3ee3-f7e3-443a-8922-db95fcb1d4c6",
            "f9bbd850-fbbd-4f3d-9908-f11ff221246a",
            "fc51fd13-3bfb-49a9-8f71-b6a9185c5818",
            "621ce436-b53b-41aa-8f98-68355f048849"
          ],
          "pending": [],
          "skipped": [],
          "duration": 38144,
          "root": false,
          "rootEmpty": false,
          "_timeout": 2000
        },
        {
          "uuid": "feab6160-486e-406a-b7a4-a6db67d404cf",
          "title": "11 - Limite o tamanho mínimo e máximo do board.",
          "fullFile": "",
          "file": "",
          "beforeHooks": [],
          "afterHooks": [],
          "tests": [
            {
              "title": "Verifica se a altura máxima do board é 50",
              "fullTitle": "11 - Limite o tamanho mínimo e máximo do board. Verifica se a altura máxima do board é 50",
              "timedOut": null,
              "duration": 4283,
              "state": "failed",
              "speed": null,
              "pass": false,
              "fail": true,
              "pending": false,
              "context": null,
              "code": "cy.get('#board-size').clear().type(50);\ncy.get('#generate-board').click();\ncy.get('.pixel').should('have.length', 2500);",
              "err": {
                "message": "CypressError: Timed out retrying: Expected to find element: '#board-size', but never found it.",
                "estack": "CypressError: Timed out retrying: Expected to find element: '#board-size', but never found it.\n    at cypressErr (http://localhost:34039/__cypress/runner/cypress_runner.js:149934:9)\n    at throwErr (http://localhost:34039/__cypress/runner/cypress_runner.js:149867:11)\n    at Object.throwErrByPath (http://localhost:34039/__cypress/runner/cypress_runner.js:149915:3)\n    at retry (http://localhost:34039/__cypress/runner/cypress_runner.js:144197:19)\n    at onFailFn (http://localhost:34039/__cypress/runner/cypress_runner.js:132448:16)\n    at tryCatcher (http://localhost:34039/__cypress/runner/cypress_runner.js:167415:23)\n    at Promise._settlePromiseFromHandler (http://localhost:34039/__cypress/runner/cypress_runner.js:165351:31)\n    at Promise._settlePromise (http://localhost:34039/__cypress/runner/cypress_runner.js:165408:18)\n    at Promise._settlePromise0 (http://localhost:34039/__cypress/runner/cypress_runner.js:165453:10)\n    at Promise._settlePromises (http://localhost:34039/__cypress/runner/cypress_runner.js:165528:18)\n    at Async../node_modules/bluebird/js/release/async.js.Async._drainQueue (http://localhost:34039/__cypress/runner/cypress_runner.js:162140:16)\n    at Async../node_modules/bluebird/js/release/async.js.Async._drainQueues (http://localhost:34039/__cypress/runner/cypress_runner.js:162150:10)\n    at Async.drainQueues (http://localhost:34039/__cypress/runner/cypress_runner.js:162024:14)",
                "diff": null
              },
              "uuid": "6da2cdd1-3372-4e1a-872f-b1d10e432fa6",
              "parentUUID": "feab6160-486e-406a-b7a4-a6db67d404cf",
              "isHook": false,
              "skipped": false
            },
            {
              "title": "Verifica se a altura do board é 5 quando um valor menor é colocado no input",
              "fullTitle": "11 - Limite o tamanho mínimo e máximo do board. Verifica se a altura do board é 5 quando um valor menor é colocado no input",
              "timedOut": null,
              "duration": 4259,
              "state": "failed",
              "speed": null,
              "pass": false,
              "fail": true,
              "pending": false,
              "context": null,
              "code": "cy.get('#board-size').clear().type(4);\ncy.get('#generate-board').click();\ncy.get('.pixel').should('have.length', 25);",
              "err": {
                "message": "CypressError: Timed out retrying: Expected to find element: '#board-size', but never found it.",
                "estack": "CypressError: Timed out retrying: Expected to find element: '#board-size', but never found it.\n    at cypressErr (http://localhost:34039/__cypress/runner/cypress_runner.js:149934:9)\n    at throwErr (http://localhost:34039/__cypress/runner/cypress_runner.js:149867:11)\n    at Object.throwErrByPath (http://localhost:34039/__cypress/runner/cypress_runner.js:149915:3)\n    at retry (http://localhost:34039/__cypress/runner/cypress_runner.js:144197:19)\n    at onFailFn (http://localhost:34039/__cypress/runner/cypress_runner.js:132448:16)\n    at tryCatcher (http://localhost:34039/__cypress/runner/cypress_runner.js:167415:23)\n    at Promise._settlePromiseFromHandler (http://localhost:34039/__cypress/runner/cypress_runner.js:165351:31)\n    at Promise._settlePromise (http://localhost:34039/__cypress/runner/cypress_runner.js:165408:18)\n    at Promise._settlePromise0 (http://localhost:34039/__cypress/runner/cypress_runner.js:165453:10)\n    at Promise._settlePromises (http://localhost:34039/__cypress/runner/cypress_runner.js:165528:18)\n    at Async../node_modules/bluebird/js/release/async.js.Async._drainQueue (http://localhost:34039/__cypress/runner/cypress_runner.js:162140:16)\n    at Async../node_modules/bluebird/js/release/async.js.Async._drainQueues (http://localhost:34039/__cypress/runner/cypress_runner.js:162150:10)\n    at Async.drainQueues (http://localhost:34039/__cypress/runner/cypress_runner.js:162024:14)",
                "diff": null
              },
              "uuid": "6500761e-9da9-4a60-8fa4-6c7eb202827a",
              "parentUUID": "feab6160-486e-406a-b7a4-a6db67d404cf",
              "isHook": false,
              "skipped": false
            },
            {
              "title": "Verifica se a altura do board é 50 quando um valor maior é colocado no input",
              "fullTitle": "11 - Limite o tamanho mínimo e máximo do board. Verifica se a altura do board é 50 quando um valor maior é colocado no input",
              "timedOut": null,
              "duration": 4284,
              "state": "failed",
              "speed": null,
              "pass": false,
              "fail": true,
              "pending": false,
              "context": null,
              "code": "cy.get('#board-size').clear().type(51);\ncy.get('#generate-board').click();\ncy.get('.pixel').should('have.length', 2500);",
              "err": {
                "message": "CypressError: Timed out retrying: Expected to find element: '#board-size', but never found it.",
                "estack": "CypressError: Timed out retrying: Expected to find element: '#board-size', but never found it.\n    at cypressErr (http://localhost:34039/__cypress/runner/cypress_runner.js:149934:9)\n    at throwErr (http://localhost:34039/__cypress/runner/cypress_runner.js:149867:11)\n    at Object.throwErrByPath (http://localhost:34039/__cypress/runner/cypress_runner.js:149915:3)\n    at retry (http://localhost:34039/__cypress/runner/cypress_runner.js:144197:19)\n    at onFailFn (http://localhost:34039/__cypress/runner/cypress_runner.js:132448:16)\n    at tryCatcher (http://localhost:34039/__cypress/runner/cypress_runner.js:167415:23)\n    at Promise._settlePromiseFromHandler (http://localhost:34039/__cypress/runner/cypress_runner.js:165351:31)\n    at Promise._settlePromise (http://localhost:34039/__cypress/runner/cypress_runner.js:165408:18)\n    at Promise._settlePromise0 (http://localhost:34039/__cypress/runner/cypress_runner.js:165453:10)\n    at Promise._settlePromises (http://localhost:34039/__cypress/runner/cypress_runner.js:165528:18)\n    at Async../node_modules/bluebird/js/release/async.js.Async._drainQueue (http://localhost:34039/__cypress/runner/cypress_runner.js:162140:16)\n    at Async../node_modules/bluebird/js/release/async.js.Async._drainQueues (http://localhost:34039/__cypress/runner/cypress_runner.js:162150:10)\n    at Async.drainQueues (http://localhost:34039/__cypress/runner/cypress_runner.js:162024:14)",
                "diff": null
              },
              "uuid": "6807940c-1fcd-40ea-8a49-00530d293da1",
              "parentUUID": "feab6160-486e-406a-b7a4-a6db67d404cf",
              "isHook": false,
              "skipped": false
            }
          ],
          "suites": [],
          "passes": [],
          "failures": [
            "6da2cdd1-3372-4e1a-872f-b1d10e432fa6",
            "6500761e-9da9-4a60-8fa4-6c7eb202827a",
            "6807940c-1fcd-40ea-8a49-00530d293da1"
          ],
          "pending": [],
          "skipped": [],
          "duration": 12826,
          "root": false,
          "rootEmpty": false,
          "_timeout": 2000
        },
        {
          "uuid": "77490a8c-736c-42d7-9fac-4e94cc63b823",
          "title": "12 - Faça com que as cores da paleta sejam geradas aleatoriamente ao carregar a página.",
          "fullFile": "",
          "file": "",
          "beforeHooks": [],
          "afterHooks": [],
          "tests": [
            {
              "title": "Verifica se as cores geradas na paleta são diferentes a cada carregamento da página",
              "fullTitle": "12 - Faça com que as cores da paleta sejam geradas aleatoriamente ao carregar a página. Verifica se as cores geradas na paleta são diferentes a cada carregamento da página",
              "timedOut": null,
              "duration": 4227,
              "state": "failed",
              "speed": null,
              "pass": false,
              "fail": true,
              "pending": false,
              "context": null,
              "code": "cy.get('.color').then(function (colors) {\n  var currentColors;\n  var previousColors;\n  previousColors = Array.from(colors).map(function (color) {\n    return Cypress.$(color).css('background-color');\n  });\n  for (var i = 0; i < 5; i += 1) {\n    cy.reload();\n    cy.get('.color').then(function (colors) {\n      currentColors = Array.from(colors).map(function (color) {\n        return Cypress.$(color).css('background-color');\n      });\n      expect(currentColors).not.to.deep.equal(previousColors);\n      previousColors = currentColors;\n    });\n  }\n});",
              "err": {
                "message": "CypressError: Timed out retrying: Expected to find element: '.color', but never found it.",
                "estack": "CypressError: Timed out retrying: Expected to find element: '.color', but never found it.\n    at cypressErr (http://localhost:34039/__cypress/runner/cypress_runner.js:149934:9)\n    at throwErr (http://localhost:34039/__cypress/runner/cypress_runner.js:149867:11)\n    at Object.throwErrByPath (http://localhost:34039/__cypress/runner/cypress_runner.js:149915:3)\n    at retry (http://localhost:34039/__cypress/runner/cypress_runner.js:144197:19)\n    at onFailFn (http://localhost:34039/__cypress/runner/cypress_runner.js:132448:16)\n    at tryCatcher (http://localhost:34039/__cypress/runner/cypress_runner.js:167415:23)\n    at Promise._settlePromiseFromHandler (http://localhost:34039/__cypress/runner/cypress_runner.js:165351:31)\n    at Promise._settlePromise (http://localhost:34039/__cypress/runner/cypress_runner.js:165408:18)\n    at Promise._settlePromise0 (http://localhost:34039/__cypress/runner/cypress_runner.js:165453:10)\n    at Promise._settlePromises (http://localhost:34039/__cypress/runner/cypress_runner.js:165528:18)\n    at Async../node_modules/bluebird/js/release/async.js.Async._drainQueue (http://localhost:34039/__cypress/runner/cypress_runner.js:162140:16)\n    at Async../node_modules/bluebird/js/release/async.js.Async._drainQueues (http://localhost:34039/__cypress/runner/cypress_runner.js:162150:10)\n    at Async.drainQueues (http://localhost:34039/__cypress/runner/cypress_runner.js:162024:14)",
                "diff": null
              },
              "uuid": "61dd906c-d90d-46e8-a2bd-0c17ab4f92c0",
              "parentUUID": "77490a8c-736c-42d7-9fac-4e94cc63b823",
              "isHook": false,
              "skipped": false
            },
            {
              "title": "Verifica se a cor preta ainda está presente e é a primeira na sua paleta de cores",
              "fullTitle": "12 - Faça com que as cores da paleta sejam geradas aleatoriamente ao carregar a página. Verifica se a cor preta ainda está presente e é a primeira na sua paleta de cores",
              "timedOut": null,
              "duration": 4209,
              "state": "failed",
              "speed": null,
              "pass": false,
              "fail": true,
              "pending": false,
              "context": null,
              "code": "cy.get('.color').then(function (colors) {\n  var currentColors;\n  var previousColors;\n  previousColors = Array.from(colors).map(function (color) {\n    return Cypress.$(color).css('background-color');\n  });\n  expect(previousColors[0]).to.eq(BLACK);\n  for (var i = 0; i < 5; i += 1) {\n    cy.reload();\n    cy.get('.color').then(function (colors) {\n      currentColors = Array.from(colors).map(function (color) {\n        return Cypress.$(color).css('background-color');\n      });\n      expect(currentColors[0]).to.eq(BLACK);\n      expect(currentColors).not.to.deep.equal(previousColors);\n      previousColors = currentColors;\n    });\n  }\n});",
              "err": {
                "message": "CypressError: Timed out retrying: Expected to find element: '.color', but never found it.",
                "estack": "CypressError: Timed out retrying: Expected to find element: '.color', but never found it.\n    at cypressErr (http://localhost:34039/__cypress/runner/cypress_runner.js:149934:9)\n    at throwErr (http://localhost:34039/__cypress/runner/cypress_runner.js:149867:11)\n    at Object.throwErrByPath (http://localhost:34039/__cypress/runner/cypress_runner.js:149915:3)\n    at retry (http://localhost:34039/__cypress/runner/cypress_runner.js:144197:19)\n    at onFailFn (http://localhost:34039/__cypress/runner/cypress_runner.js:132448:16)\n    at tryCatcher (http://localhost:34039/__cypress/runner/cypress_runner.js:167415:23)\n    at Promise._settlePromiseFromHandler (http://localhost:34039/__cypress/runner/cypress_runner.js:165351:31)\n    at Promise._settlePromise (http://localhost:34039/__cypress/runner/cypress_runner.js:165408:18)\n    at Promise._settlePromise0 (http://localhost:34039/__cypress/runner/cypress_runner.js:165453:10)\n    at Promise._settlePromises (http://localhost:34039/__cypress/runner/cypress_runner.js:165528:18)\n    at Async../node_modules/bluebird/js/release/async.js.Async._drainQueue (http://localhost:34039/__cypress/runner/cypress_runner.js:162140:16)\n    at Async../node_modules/bluebird/js/release/async.js.Async._drainQueues (http://localhost:34039/__cypress/runner/cypress_runner.js:162150:10)\n    at Async.drainQueues (http://localhost:34039/__cypress/runner/cypress_runner.js:162024:14)",
                "diff": null
              },
              "uuid": "fa30b97e-4d49-4c7c-b8a4-bf5038929d02",
              "parentUUID": "77490a8c-736c-42d7-9fac-4e94cc63b823",
              "isHook": false,
              "skipped": false
            }
          ],
          "suites": [],
          "passes": [],
          "failures": [
            "61dd906c-d90d-46e8-a2bd-0c17ab4f92c0",
            "fa30b97e-4d49-4c7c-b8a4-bf5038929d02"
          ],
          "pending": [],
          "skipped": [],
          "duration": 8436,
          "root": false,
          "rootEmpty": false,
          "_timeout": 2000
        }
      ],
      "passes": [],
      "failures": [],
      "pending": [],
      "skipped": [],
      "duration": 0,
      "root": true,
      "rootEmpty": true,
      "_timeout": 2000
    }
  ],
  "meta": {
    "mocha": {
      "version": "7.0.1"
    },
    "mochawesome": {
      "options": {
        "quiet": false,
        "reportFilename": "mochawesome",
        "saveHtml": false,
        "saveJson": true,
        "consoleReporter": "spec",
        "useInlineDiffs": false
      },
      "version": "4.1.0"
    },
    "marge": {
      "options": {
        "id": "default",
        "reportDir": "cypress/reports",
        "overwrite": true,
        "html": false,
        "json": true
      },
      "version": "4.1.0"
    }
  }
}