{
  "stats": {
    "suites": 12,
    "tests": 41,
    "passes": 23,
    "pending": 0,
    "failures": 18,
    "start": "2022-07-04T19:09:24.958Z",
    "end": "2022-07-04T19:10:55.269Z",
    "duration": 90311,
    "testsRegistered": 41,
    "passPercent": 56.09756097560976,
    "pendingPercent": 0,
    "other": 0,
    "hasOther": false,
    "skipped": 0,
    "hasSkipped": false
  },
  "results": [
    {
      "uuid": "2f1334e4-f818-4c8b-9d1d-5b21026331d5",
      "title": "",
      "fullFile": "cypress/integration/project.spec.js",
      "file": "cypress/integration/project.spec.js",
      "beforeHooks": [],
      "afterHooks": [],
      "tests": [],
      "suites": [
        {
          "uuid": "bbddc30f-bd36-496f-8eab-63d6a6392298",
          "title": "1 - Adicione à página o título \"Paleta de Cores\".",
          "fullFile": "",
          "file": "",
          "beforeHooks": [],
          "afterHooks": [],
          "tests": [
            {
              "title": "Verifica se contém um elemento `h1` com o id `title` com o título correto",
              "fullTitle": "1 - Adicione à página o título \"Paleta de Cores\". Verifica se contém um elemento `h1` com o id `title` com o título correto",
              "timedOut": null,
              "duration": 154,
              "state": "passed",
              "speed": "slow",
              "pass": true,
              "fail": false,
              "pending": false,
              "context": null,
              "code": "cy.get('h1#title').should('contain.text', 'Paleta de Cores');",
              "err": {},
              "uuid": "017460a5-98ee-4959-8eef-6e3d7817e660",
              "parentUUID": "bbddc30f-bd36-496f-8eab-63d6a6392298",
              "isHook": false,
              "skipped": false
            }
          ],
          "suites": [],
          "passes": [
            "017460a5-98ee-4959-8eef-6e3d7817e660"
          ],
          "failures": [],
          "pending": [],
          "skipped": [],
          "duration": 154,
          "root": false,
          "rootEmpty": false,
          "_timeout": 2000
        },
        {
          "uuid": "e6accd92-6c4d-4c1d-a09e-3a3a719cec31",
          "title": "2 - Adicione à página uma paleta de quatro cores distintas.",
          "fullFile": "",
          "file": "",
          "beforeHooks": [],
          "afterHooks": [],
          "tests": [
            {
              "title": "A paleta de cores deve ser um elemento com `id` denominado `color-palette` e ter mais de 0px de altura e de largura.",
              "fullTitle": "2 - Adicione à página uma paleta de quatro cores distintas. A paleta de cores deve ser um elemento com `id` denominado `color-palette` e ter mais de 0px de altura e de largura.",
              "timedOut": null,
              "duration": 71,
              "state": "passed",
              "speed": "medium",
              "pass": true,
              "fail": false,
              "pending": false,
              "context": null,
              "code": "cy.get('#color-palette').should('be.visible');\ncy.get('#color-palette').children('.color');",
              "err": {},
              "uuid": "826d2396-8599-49b3-a725-8b291ffdbba5",
              "parentUUID": "e6accd92-6c4d-4c1d-a09e-3a3a719cec31",
              "isHook": false,
              "skipped": false
            },
            {
              "title": "Verifica se cada cor individual da paleta de cores possui a `classe` chamada `color`.",
              "fullTitle": "2 - Adicione à página uma paleta de quatro cores distintas. Verifica se cada cor individual da paleta de cores possui a `classe` chamada `color`.",
              "timedOut": null,
              "duration": 125,
              "state": "passed",
              "speed": "slow",
              "pass": true,
              "fail": false,
              "pending": false,
              "context": null,
              "code": "cy.get('.color').should('have.length', 4).then(function (colors) {\n  for (var i = 0; i < colors.length; i++) {\n    cy.wrap(colors[i]).should('be.visible');\n  }\n});",
              "err": {},
              "uuid": "454bde75-bd05-4589-929d-b2058883fddc",
              "parentUUID": "e6accd92-6c4d-4c1d-a09e-3a3a719cec31",
              "isHook": false,
              "skipped": false
            },
            {
              "title": "Verifica se a cor de fundo de cada elemento da paleta é a cor que o elemento representa. **A única cor não permitida na paleta é a cor branca.**",
              "fullTitle": "2 - Adicione à página uma paleta de quatro cores distintas. Verifica se a cor de fundo de cada elemento da paleta é a cor que o elemento representa. **A única cor não permitida na paleta é a cor branca.**",
              "timedOut": null,
              "duration": 95,
              "state": "passed",
              "speed": "slow",
              "pass": true,
              "fail": false,
              "pending": false,
              "context": null,
              "code": "cy.get('.color').each(function (color) {\n  cy.wrap(color).should('have.class', 'color').and('not.have.css', 'background-color', WHITE);\n  cy.wrap(color).should('have.css', 'background-color');\n});",
              "err": {},
              "uuid": "c1dee3f5-9aa8-4107-8176-98ec9f17b980",
              "parentUUID": "e6accd92-6c4d-4c1d-a09e-3a3a719cec31",
              "isHook": false,
              "skipped": false
            },
            {
              "title": "Verifica se cada elemento da paleta de cores tem uma borda preta, sólida e com 1 pixel de largura;",
              "fullTitle": "2 - Adicione à página uma paleta de quatro cores distintas. Verifica se cada elemento da paleta de cores tem uma borda preta, sólida e com 1 pixel de largura;",
              "timedOut": null,
              "duration": 94,
              "state": "passed",
              "speed": "slow",
              "pass": true,
              "fail": false,
              "pending": false,
              "context": null,
              "code": "cy.get('.color').each(function (color) {\n  cy.wrap(color).and('have.css', 'border', \"1px solid \".concat(BLACK)).and('have.class', 'color');\n});",
              "err": {},
              "uuid": "9324a2df-4a73-4064-a4eb-d8f093094974",
              "parentUUID": "e6accd92-6c4d-4c1d-a09e-3a3a719cec31",
              "isHook": false,
              "skipped": false
            },
            {
              "title": "Verifica se a paleta lista todas as cores disponíveis para utilização, lado a lado.",
              "fullTitle": "2 - Adicione à página uma paleta de quatro cores distintas. Verifica se a paleta lista todas as cores disponíveis para utilização, lado a lado.",
              "timedOut": null,
              "duration": 129,
              "state": "passed",
              "speed": "slow",
              "pass": true,
              "fail": false,
              "pending": false,
              "context": null,
              "code": "cy.get('.color').then(function (colors) {\n  for (var index = 1; index < colors.length; index += 1) {\n    var currentColor = colors[index];\n    var previousColor = colors[index - 1];\n    cy.wrap(currentColor).should('be.onTheRightOf', previousColor).and('be.horizontallyAlignedWith', previousColor);\n  }\n});",
              "err": {},
              "uuid": "c765339e-96b1-477e-9a06-d88c7a1572df",
              "parentUUID": "e6accd92-6c4d-4c1d-a09e-3a3a719cec31",
              "isHook": false,
              "skipped": false
            },
            {
              "title": "Verifica se a paleta de cores está posicionada abaixo do título 'Paleta de Cores'",
              "fullTitle": "2 - Adicione à página uma paleta de quatro cores distintas. Verifica se a paleta de cores está posicionada abaixo do título 'Paleta de Cores'",
              "timedOut": null,
              "duration": 93,
              "state": "passed",
              "speed": "slow",
              "pass": true,
              "fail": false,
              "pending": false,
              "context": null,
              "code": "cy.get('h1#title').then(function (title) {\n  cy.get('#color-palette').should('be.belowOf', title);\n});",
              "err": {},
              "uuid": "50243259-782b-4edd-8b84-4620d334cc95",
              "parentUUID": "e6accd92-6c4d-4c1d-a09e-3a3a719cec31",
              "isHook": false,
              "skipped": false
            },
            {
              "title": "Verifica se a paleta de cores não contém cores repetidas.",
              "fullTitle": "2 - Adicione à página uma paleta de quatro cores distintas. Verifica se a paleta de cores não contém cores repetidas.",
              "timedOut": null,
              "duration": 107,
              "state": "passed",
              "speed": "slow",
              "pass": true,
              "fail": false,
              "pending": false,
              "context": null,
              "code": "cy.get('.color').then(function (colors) {\n  var allColors = Array.from(colors).map(function (color) {\n    return Cypress.$(color).css('background-color');\n  });\n  cy.log(allColors);\n  var uniqColors = (0, _toConsumableArray2[\"default\"])(new Set(allColors));\n  cy.log(uniqColors);\n  expect(allColors.length).to.eq(uniqColors.length);\n});",
              "err": {},
              "uuid": "a28f02bc-488d-4675-a65a-8f1b172a1b06",
              "parentUUID": "e6accd92-6c4d-4c1d-a09e-3a3a719cec31",
              "isHook": false,
              "skipped": false
            }
          ],
          "suites": [],
          "passes": [
            "826d2396-8599-49b3-a725-8b291ffdbba5",
            "454bde75-bd05-4589-929d-b2058883fddc",
            "c1dee3f5-9aa8-4107-8176-98ec9f17b980",
            "9324a2df-4a73-4064-a4eb-d8f093094974",
            "c765339e-96b1-477e-9a06-d88c7a1572df",
            "50243259-782b-4edd-8b84-4620d334cc95",
            "a28f02bc-488d-4675-a65a-8f1b172a1b06"
          ],
          "failures": [],
          "pending": [],
          "skipped": [],
          "duration": 714,
          "root": false,
          "rootEmpty": false,
          "_timeout": 2000
        },
        {
          "uuid": "65edebcd-9c95-4bd8-8c4b-90dcdff9f6e6",
          "title": "3 - Adicione a cor **preta** como a primeira cor da paleta de cores.",
          "fullFile": "",
          "file": "",
          "beforeHooks": [],
          "afterHooks": [],
          "tests": [
            {
              "title": "Verifica se a primeira cor da paleta é preta",
              "fullTitle": "3 - Adicione a cor **preta** como a primeira cor da paleta de cores. Verifica se a primeira cor da paleta é preta",
              "timedOut": null,
              "duration": 78,
              "state": "passed",
              "speed": "slow",
              "pass": true,
              "fail": false,
              "pending": false,
              "context": null,
              "code": "cy.get('.color').first().should('have.css', 'background-color', BLACK);",
              "err": {},
              "uuid": "3506032b-c462-4a89-984c-b0df55614ab7",
              "parentUUID": "65edebcd-9c95-4bd8-8c4b-90dcdff9f6e6",
              "isHook": false,
              "skipped": false
            },
            {
              "title": "Verifica se as demais cores podem ser escolhidas livremente.",
              "fullTitle": "3 - Adicione a cor **preta** como a primeira cor da paleta de cores. Verifica se as demais cores podem ser escolhidas livremente.",
              "timedOut": null,
              "duration": 128,
              "state": "passed",
              "speed": "slow",
              "pass": true,
              "fail": false,
              "pending": false,
              "context": null,
              "code": "cy.get('.color').eq(1).should('not.have.css', 'background-color', BLACK);\ncy.get('.color').eq(1).should('not.have.css', 'background-color', WHITE);\ncy.get('.color').eq(1).should('not.have.css', 'background-color', 'rgba(0, 0, 0, 0)');\ncy.get('.color').eq(1).should('have.css', 'background-color');\ncy.get('.color').eq(2).should('not.have.css', 'background-color', BLACK);\ncy.get('.color').eq(2).should('not.have.css', 'background-color', WHITE);\ncy.get('.color').eq(2).should('not.have.css', 'background-color', 'rgba(0, 0, 0, 0)');\ncy.get('.color').eq(2).should('have.css', 'background-color');\ncy.get('.color').eq(3).should('not.have.css', 'background-color', BLACK);\ncy.get('.color').eq(3).should('not.have.css', 'background-color', WHITE);\ncy.get('.color').eq(3).should('not.have.css', 'background-color', 'rgba(0, 0, 0, 0)');\ncy.get('.color').eq(3).should('have.css', 'background-color');",
              "err": {},
              "uuid": "23ab7884-6862-42b2-b587-0a96a1f5ecea",
              "parentUUID": "65edebcd-9c95-4bd8-8c4b-90dcdff9f6e6",
              "isHook": false,
              "skipped": false
            }
          ],
          "suites": [],
          "passes": [
            "3506032b-c462-4a89-984c-b0df55614ab7",
            "23ab7884-6862-42b2-b587-0a96a1f5ecea"
          ],
          "failures": [],
          "pending": [],
          "skipped": [],
          "duration": 206,
          "root": false,
          "rootEmpty": false,
          "_timeout": 2000
        },
        {
          "uuid": "8231358e-0b00-4c98-9b01-0c09590ffa96",
          "title": "4 - Adicione à página um quadro de pixels, com 25 pixels.",
          "fullFile": "",
          "file": "",
          "beforeHooks": [],
          "afterHooks": [],
          "tests": [
            {
              "title": "Verifica se o quadro de pixels possui o `id` denominado `pixel-board`",
              "fullTitle": "4 - Adicione à página um quadro de pixels, com 25 pixels. Verifica se o quadro de pixels possui o `id` denominado `pixel-board`",
              "timedOut": null,
              "duration": 100,
              "state": "passed",
              "speed": "slow",
              "pass": true,
              "fail": false,
              "pending": false,
              "context": null,
              "code": "cy.get('#pixel-board').should('be.visible');",
              "err": {},
              "uuid": "1a7adf07-ec29-40ee-8c40-58da1488a8e5",
              "parentUUID": "8231358e-0b00-4c98-9b01-0c09590ffa96",
              "isHook": false,
              "skipped": false
            },
            {
              "title": "Verifica se cada pixel individual dentro do quadro possui a `classe` denominada `pixel`.",
              "fullTitle": "4 - Adicione à página um quadro de pixels, com 25 pixels. Verifica se cada pixel individual dentro do quadro possui a `classe` denominada `pixel`.",
              "timedOut": null,
              "duration": 92,
              "state": "passed",
              "speed": "slow",
              "pass": true,
              "fail": false,
              "pending": false,
              "context": null,
              "code": "cy.get('.pixel').should('have.length', 25);",
              "err": {},
              "uuid": "03ae72d2-b9a3-45d0-8675-ec0ad87e8a2b",
              "parentUUID": "8231358e-0b00-4c98-9b01-0c09590ffa96",
              "isHook": false,
              "skipped": false
            },
            {
              "title": "Verifica se a cor inicial dos pixels dentro do quadro, ao abrir a página, é branca.",
              "fullTitle": "4 - Adicione à página um quadro de pixels, com 25 pixels. Verifica se a cor inicial dos pixels dentro do quadro, ao abrir a página, é branca.",
              "timedOut": null,
              "duration": 122,
              "state": "passed",
              "speed": "slow",
              "pass": true,
              "fail": false,
              "pending": false,
              "context": null,
              "code": "cy.get('.pixel').should('have.length', 25).each(function (pixel) {\n  expect(pixel).to.have.css('background-color', WHITE);\n});",
              "err": {},
              "uuid": "d04a7177-0dcd-4fad-a473-6868058643ef",
              "parentUUID": "8231358e-0b00-4c98-9b01-0c09590ffa96",
              "isHook": false,
              "skipped": false
            },
            {
              "title": "Verifica se o quadro de pixels aparece abaixo da paleta de cores",
              "fullTitle": "4 - Adicione à página um quadro de pixels, com 25 pixels. Verifica se o quadro de pixels aparece abaixo da paleta de cores",
              "timedOut": null,
              "duration": 68,
              "state": "passed",
              "speed": "medium",
              "pass": true,
              "fail": false,
              "pending": false,
              "context": null,
              "code": "cy.get('#color-palette').then(function (palette) {\n  cy.get('#pixel-board').should('be.belowOf', palette);\n});",
              "err": {},
              "uuid": "1d09e9aa-fe10-44da-9a60-5babbd386720",
              "parentUUID": "8231358e-0b00-4c98-9b01-0c09590ffa96",
              "isHook": false,
              "skipped": false
            }
          ],
          "suites": [],
          "passes": [
            "1a7adf07-ec29-40ee-8c40-58da1488a8e5",
            "03ae72d2-b9a3-45d0-8675-ec0ad87e8a2b",
            "d04a7177-0dcd-4fad-a473-6868058643ef",
            "1d09e9aa-fe10-44da-9a60-5babbd386720"
          ],
          "failures": [],
          "pending": [],
          "skipped": [],
          "duration": 382,
          "root": false,
          "rootEmpty": false,
          "_timeout": 2000
        },
        {
          "uuid": "ad64e3c0-8189-4ed5-a36e-b436d0f3f634",
          "title": "5 - Faça com que cada elemento do quadro de pixels possua 40 pixels de largura, 40 pixels de altura e seja delimitado por uma borda preta de 1 pixel.",
          "fullFile": "",
          "file": "",
          "beforeHooks": [],
          "afterHooks": [],
          "tests": [
            {
              "title": "Verifica se o quadro de pixels tem altura e comprimento de 5 elementos",
              "fullTitle": "5 - Faça com que cada elemento do quadro de pixels possua 40 pixels de largura, 40 pixels de altura e seja delimitado por uma borda preta de 1 pixel. Verifica se o quadro de pixels tem altura e comprimento de 5 elementos",
              "timedOut": null,
              "duration": 184,
              "state": "passed",
              "speed": "slow",
              "pass": true,
              "fail": false,
              "pending": false,
              "context": null,
              "code": "cy.get('.pixel').should('have.length', 25).each(function (pixel) {\n  expect(pixel).to.have.css('background-color', WHITE);\n}).and(function (pixels) {\n  var rows = chunk(pixels, 5);\n  rows.forEach(function (row) {\n    for (var index = 1; index < row.length; index += 1) {\n      var current = pixels[index];\n      var previous = pixels[index - 1];\n      cy.wrap(current).should('be.onTheRightOf', previous).and('be.horizontallyAlignedWith', previous);\n    }\n  });\n  for (var index = 1; index < 5; index += 1) {\n    expect(pixels[index * 5]).to.be.belowOf(pixels[(index - 1) * 5]);\n  }\n});",
              "err": {},
              "uuid": "0185aac4-f9d4-4fba-8e65-e9ced5fa89a9",
              "parentUUID": "ad64e3c0-8189-4ed5-a36e-b436d0f3f634",
              "isHook": false,
              "skipped": false
            },
            {
              "title": "Verifica se 40 pixels é o tamanho total do elemento, incluindo seu conteúdo e excluindo a borda preta, que deve ser criada à parte.",
              "fullTitle": "5 - Faça com que cada elemento do quadro de pixels possua 40 pixels de largura, 40 pixels de altura e seja delimitado por uma borda preta de 1 pixel. Verifica se 40 pixels é o tamanho total do elemento, incluindo seu conteúdo e excluindo a borda preta, que deve ser criada à parte.",
              "timedOut": null,
              "duration": 196,
              "state": "passed",
              "speed": "slow",
              "pass": true,
              "fail": false,
              "pending": false,
              "context": null,
              "code": "cy.get('.pixel').each(function (pixel) {\n  cy.wrap(pixel).should('have.css', 'height', '40px').and('have.css', 'width', '40px').and('have.css', 'border', \"1px solid \".concat(BLACK));\n});",
              "err": {},
              "uuid": "ed1c3a97-16a9-4ee8-b4c4-4cb416bf2d46",
              "parentUUID": "ad64e3c0-8189-4ed5-a36e-b436d0f3f634",
              "isHook": false,
              "skipped": false
            }
          ],
          "suites": [],
          "passes": [
            "0185aac4-f9d4-4fba-8e65-e9ced5fa89a9",
            "ed1c3a97-16a9-4ee8-b4c4-4cb416bf2d46"
          ],
          "failures": [],
          "pending": [],
          "skipped": [],
          "duration": 380,
          "root": false,
          "rootEmpty": false,
          "_timeout": 2000
        },
        {
          "uuid": "c5cbe98c-fb78-42c7-83c0-953e43b85a7a",
          "title": "6 - Defina a cor preta como cor inicial. Ao carregar a página a cor preta já deve estar selecionada para pintar os pixels",
          "fullFile": "",
          "file": "",
          "beforeHooks": [],
          "afterHooks": [],
          "tests": [
            {
              "title": "Verifica se o elemento da cor preta possui, inicialmente, a `classe` `selected`",
              "fullTitle": "6 - Defina a cor preta como cor inicial. Ao carregar a página a cor preta já deve estar selecionada para pintar os pixels Verifica se o elemento da cor preta possui, inicialmente, a `classe` `selected`",
              "timedOut": null,
              "duration": 65,
              "state": "passed",
              "speed": "medium",
              "pass": true,
              "fail": false,
              "pending": false,
              "context": null,
              "code": "cy.get('.selected').first().should('have.css', 'background-color', BLACK);",
              "err": {},
              "uuid": "548642ad-4555-42dd-9ce9-e4b50ffc70c3",
              "parentUUID": "c5cbe98c-fb78-42c7-83c0-953e43b85a7a",
              "isHook": false,
              "skipped": false
            },
            {
              "title": "Verifica se nenhuma outra cor da paleta tem a `classe` `selected`",
              "fullTitle": "6 - Defina a cor preta como cor inicial. Ao carregar a página a cor preta já deve estar selecionada para pintar os pixels Verifica se nenhuma outra cor da paleta tem a `classe` `selected`",
              "timedOut": null,
              "duration": 81,
              "state": "passed",
              "speed": "slow",
              "pass": true,
              "fail": false,
              "pending": false,
              "context": null,
              "code": "cy.get('.color:not(:first-child)').each(function (color) {\n  cy.wrap(color).should('not.have.class', 'selected');\n});",
              "err": {},
              "uuid": "8a874540-13ad-4353-bbdb-8bc0c0a7f8e9",
              "parentUUID": "c5cbe98c-fb78-42c7-83c0-953e43b85a7a",
              "isHook": false,
              "skipped": false
            }
          ],
          "suites": [],
          "passes": [
            "548642ad-4555-42dd-9ce9-e4b50ffc70c3",
            "8a874540-13ad-4353-bbdb-8bc0c0a7f8e9"
          ],
          "failures": [],
          "pending": [],
          "skipped": [],
          "duration": 146,
          "root": false,
          "rootEmpty": false,
          "_timeout": 2000
        },
        {
          "uuid": "dcf43aa4-5577-4698-806e-edcd5a8e2d8e",
          "title": "7 - Clicar em uma das cores da paleta, faz com que ela seja selecionada e utilizada para preencher os pixels no quadro.",
          "fullFile": "",
          "file": "",
          "beforeHooks": [],
          "afterHooks": [],
          "tests": [
            {
              "title": "Verifica se somente uma cor da paleta de cores tem a classe `selected` de cada vez",
              "fullTitle": "7 - Clicar em uma das cores da paleta, faz com que ela seja selecionada e utilizada para preencher os pixels no quadro. Verifica se somente uma cor da paleta de cores tem a classe `selected` de cada vez",
              "timedOut": null,
              "duration": 464,
              "state": "passed",
              "speed": "slow",
              "pass": true,
              "fail": false,
              "pending": false,
              "context": null,
              "code": "cy.get('.color').each(function (selectedColor, selectedColorIndex) {\n  cy.wrap(selectedColor).click();\n  cy.get('.color').each(function (color, colorIndex) {\n    if (colorIndex === selectedColorIndex) {\n      expect(color).to.have[\"class\"]('selected');\n    } else {\n      expect(color).not.to.have[\"class\"]('selected');\n    }\n  });\n});",
              "err": {},
              "uuid": "ef8dfc7b-dcdc-49ed-b7b7-a214ac9a3829",
              "parentUUID": "dcf43aa4-5577-4698-806e-edcd5a8e2d8e",
              "isHook": false,
              "skipped": false
            },
            {
              "title": "Verifica se os pixels dentro do quadro não têm a classe `selected` quando são clicados",
              "fullTitle": "7 - Clicar em uma das cores da paleta, faz com que ela seja selecionada e utilizada para preencher os pixels no quadro. Verifica se os pixels dentro do quadro não têm a classe `selected` quando são clicados",
              "timedOut": null,
              "duration": 8807,
              "state": "passed",
              "speed": "slow",
              "pass": true,
              "fail": false,
              "pending": false,
              "context": null,
              "code": "cy.get('.color').each(function (color) {\n  var backgroundColor = color.css('background-color');\n  cy.wrap(color).click();\n  cy.get('.pixel').each(function (pixel) {\n    cy.wrap(pixel).click().should('not.have.class', 'selected');\n  });\n});",
              "err": {},
              "uuid": "0656bb8d-5c72-48a3-903f-47d4cb283801",
              "parentUUID": "dcf43aa4-5577-4698-806e-edcd5a8e2d8e",
              "isHook": false,
              "skipped": false
            }
          ],
          "suites": [],
          "passes": [
            "ef8dfc7b-dcdc-49ed-b7b7-a214ac9a3829",
            "0656bb8d-5c72-48a3-903f-47d4cb283801"
          ],
          "failures": [],
          "pending": [],
          "skipped": [],
          "duration": 9271,
          "root": false,
          "rootEmpty": false,
          "_timeout": 2000
        },
        {
          "uuid": "74e7e62b-7c6f-4186-87f3-0652a55de48a",
          "title": "8 - Clicar em um pixel dentro do quadro após selecionar uma cor na paleta, faz com que o pixel seja preenchido com a cor selecionada.",
          "fullFile": "",
          "file": "",
          "beforeHooks": [],
          "afterHooks": [],
          "tests": [
            {
              "title": "Verifica se ao carregar a página deve ser possível pintar os pixels de preto",
              "fullTitle": "8 - Clicar em um pixel dentro do quadro após selecionar uma cor na paleta, faz com que o pixel seja preenchido com a cor selecionada. Verifica se ao carregar a página deve ser possível pintar os pixels de preto",
              "timedOut": null,
              "duration": 4277,
              "state": "failed",
              "speed": null,
              "pass": false,
              "fail": true,
              "pending": false,
              "context": null,
              "code": "cy.get('.pixel').each(function (pixel) {\n  cy.wrap(pixel).click().should('have.css', 'background-color', BLACK);\n});",
              "err": {
                "message": "CypressError: Timed out retrying: expected '<div.pixel>' to have CSS property 'background-color' with the value 'rgb(0, 0, 0)', but the value was 'rgb(255, 255, 255)'",
                "estack": "CypressError: Timed out retrying: expected '<div.pixel>' to have CSS property 'background-color' with the value 'rgb(0, 0, 0)', but the value was 'rgb(255, 255, 255)'\n    at cypressErr (http://localhost:38023/__cypress/runner/cypress_runner.js:149934:9)\n    at throwErr (http://localhost:38023/__cypress/runner/cypress_runner.js:149867:11)\n    at Object.throwErrByPath (http://localhost:38023/__cypress/runner/cypress_runner.js:149915:3)\n    at retry (http://localhost:38023/__cypress/runner/cypress_runner.js:144197:19)\n    at onFailFn (http://localhost:38023/__cypress/runner/cypress_runner.js:132448:16)\n    at tryCatcher (http://localhost:38023/__cypress/runner/cypress_runner.js:167415:23)\n    at Promise._settlePromiseFromHandler (http://localhost:38023/__cypress/runner/cypress_runner.js:165351:31)\n    at Promise._settlePromise (http://localhost:38023/__cypress/runner/cypress_runner.js:165408:18)\n    at Promise._settlePromise0 (http://localhost:38023/__cypress/runner/cypress_runner.js:165453:10)\n    at Promise._settlePromises (http://localhost:38023/__cypress/runner/cypress_runner.js:165528:18)\n    at Async../node_modules/bluebird/js/release/async.js.Async._drainQueue (http://localhost:38023/__cypress/runner/cypress_runner.js:162140:16)\n    at Async../node_modules/bluebird/js/release/async.js.Async._drainQueues (http://localhost:38023/__cypress/runner/cypress_runner.js:162150:10)\n    at Async.drainQueues (http://localhost:38023/__cypress/runner/cypress_runner.js:162024:14)",
                "diff": null
              },
              "uuid": "825682a4-a057-4827-ba6f-4fa5cb500332",
              "parentUUID": "74e7e62b-7c6f-4186-87f3-0652a55de48a",
              "isHook": false,
              "skipped": false
            },
            {
              "title": "Verifica se após selecionar uma outra cor na paleta, é possível pintar os pixels com essa cor",
              "fullTitle": "8 - Clicar em um pixel dentro do quadro após selecionar uma cor na paleta, faz com que o pixel seja preenchido com a cor selecionada. Verifica se após selecionar uma outra cor na paleta, é possível pintar os pixels com essa cor",
              "timedOut": null,
              "duration": 4351,
              "state": "failed",
              "speed": null,
              "pass": false,
              "fail": true,
              "pending": false,
              "context": null,
              "code": "cy.get('.color').each(function (color) {\n  var backgroundColor = color.css('background-color');\n  cy.wrap(color).click();\n  cy.get('.pixel').each(function (pixel) {\n    cy.wrap(pixel).click().should('have.css', 'background-color', backgroundColor);\n  });\n});",
              "err": {
                "message": "CypressError: Timed out retrying: expected '<div.pixel>' to have CSS property 'background-color' with the value 'rgb(0, 0, 0)', but the value was 'rgb(255, 255, 255)'",
                "estack": "CypressError: Timed out retrying: expected '<div.pixel>' to have CSS property 'background-color' with the value 'rgb(0, 0, 0)', but the value was 'rgb(255, 255, 255)'\n    at cypressErr (http://localhost:38023/__cypress/runner/cypress_runner.js:149934:9)\n    at throwErr (http://localhost:38023/__cypress/runner/cypress_runner.js:149867:11)\n    at Object.throwErrByPath (http://localhost:38023/__cypress/runner/cypress_runner.js:149915:3)\n    at retry (http://localhost:38023/__cypress/runner/cypress_runner.js:144197:19)\n    at onFailFn (http://localhost:38023/__cypress/runner/cypress_runner.js:132448:16)\n    at tryCatcher (http://localhost:38023/__cypress/runner/cypress_runner.js:167415:23)\n    at Promise._settlePromiseFromHandler (http://localhost:38023/__cypress/runner/cypress_runner.js:165351:31)\n    at Promise._settlePromise (http://localhost:38023/__cypress/runner/cypress_runner.js:165408:18)\n    at Promise._settlePromise0 (http://localhost:38023/__cypress/runner/cypress_runner.js:165453:10)\n    at Promise._settlePromises (http://localhost:38023/__cypress/runner/cypress_runner.js:165528:18)\n    at Async../node_modules/bluebird/js/release/async.js.Async._drainQueue (http://localhost:38023/__cypress/runner/cypress_runner.js:162140:16)\n    at Async../node_modules/bluebird/js/release/async.js.Async._drainQueues (http://localhost:38023/__cypress/runner/cypress_runner.js:162150:10)\n    at Async.drainQueues (http://localhost:38023/__cypress/runner/cypress_runner.js:162024:14)",
                "diff": null
              },
              "uuid": "c02234f5-fe42-473a-a6cb-61b16f0290f4",
              "parentUUID": "74e7e62b-7c6f-4186-87f3-0652a55de48a",
              "isHook": false,
              "skipped": false
            },
            {
              "title": "Verifica se somente o pixel que foi clicado foi preenchido com a cor selecionada, sem influenciar na cor dos demais pixels.",
              "fullTitle": "8 - Clicar em um pixel dentro do quadro após selecionar uma cor na paleta, faz com que o pixel seja preenchido com a cor selecionada. Verifica se somente o pixel que foi clicado foi preenchido com a cor selecionada, sem influenciar na cor dos demais pixels.",
              "timedOut": null,
              "duration": 1031,
              "state": "passed",
              "speed": "slow",
              "pass": true,
              "fail": false,
              "pending": false,
              "context": null,
              "code": "var colorToPixelIndexMap = {\n  0: 6,\n  1: 8,\n  2: 16,\n  3: 18\n};\ncy.get('.color').each(function (color, index) {\n  cy.wrap(color).click();\n  var backgroundColor = color.css('background-color');\n  var clickedPixelIndex = colorToPixelIndexMap[index];\n  cy.get('.pixel').eq(clickedPixelIndex).click();\n  cy.get('.pixel').eq(clickedPixelIndex - 1).should('not.have.css', 'background-color', backgroundColor);\n  cy.get('.pixel').eq(clickedPixelIndex + 1).should('not.have.css', 'background-color', backgroundColor);\n  cy.get('.pixel').eq(clickedPixelIndex - 5).should('not.have.css', 'background-color', backgroundColor);\n  cy.get('.pixel').eq(clickedPixelIndex + 5).should('not.have.css', 'background-color', backgroundColor);\n  cy.get('.pixel').eq(clickedPixelIndex - 6).should('not.have.css', 'background-color', backgroundColor);\n  cy.get('.pixel').eq(clickedPixelIndex - 4).should('not.have.css', 'background-color', backgroundColor);\n  cy.get('.pixel').eq(clickedPixelIndex + 4).should('not.have.css', 'background-color', backgroundColor);\n  cy.get('.pixel').eq(clickedPixelIndex + 6).should('not.have.css', 'background-color', backgroundColor);\n});",
              "err": {},
              "uuid": "874691e5-ef79-462b-8a17-6d54d986c9fb",
              "parentUUID": "74e7e62b-7c6f-4186-87f3-0652a55de48a",
              "isHook": false,
              "skipped": false
            }
          ],
          "suites": [],
          "passes": [
            "874691e5-ef79-462b-8a17-6d54d986c9fb"
          ],
          "failures": [
            "825682a4-a057-4827-ba6f-4fa5cb500332",
            "c02234f5-fe42-473a-a6cb-61b16f0290f4"
          ],
          "pending": [],
          "skipped": [],
          "duration": 9659,
          "root": false,
          "rootEmpty": false,
          "_timeout": 2000
        },
        {
          "uuid": "80b1a1fe-a829-40d2-bee6-a138a1853eac",
          "title": "9 - Crie um botão que, ao ser clicado, limpa o quadro preenchendo a cor de todos seus pixels com branco.",
          "fullFile": "",
          "file": "",
          "beforeHooks": [],
          "afterHooks": [],
          "tests": [
            {
              "title": "Verifica se o botão tem o `id` denominado `clear-board`",
              "fullTitle": "9 - Crie um botão que, ao ser clicado, limpa o quadro preenchendo a cor de todos seus pixels com branco. Verifica se o botão tem o `id` denominado `clear-board`",
              "timedOut": null,
              "duration": 4204,
              "state": "failed",
              "speed": null,
              "pass": false,
              "fail": true,
              "pending": false,
              "context": null,
              "code": "cy.get('#clear-board').should('be.visible');",
              "err": {
                "message": "CypressError: Timed out retrying: Expected to find element: '#clear-board', but never found it.",
                "estack": "CypressError: Timed out retrying: Expected to find element: '#clear-board', but never found it.\n    at cypressErr (http://localhost:38023/__cypress/runner/cypress_runner.js:149934:9)\n    at throwErr (http://localhost:38023/__cypress/runner/cypress_runner.js:149867:11)\n    at Object.throwErrByPath (http://localhost:38023/__cypress/runner/cypress_runner.js:149915:3)\n    at retry (http://localhost:38023/__cypress/runner/cypress_runner.js:144197:19)\n    at onFailFn (http://localhost:38023/__cypress/runner/cypress_runner.js:132448:16)\n    at tryCatcher (http://localhost:38023/__cypress/runner/cypress_runner.js:167415:23)\n    at Promise._settlePromiseFromHandler (http://localhost:38023/__cypress/runner/cypress_runner.js:165351:31)\n    at Promise._settlePromise (http://localhost:38023/__cypress/runner/cypress_runner.js:165408:18)\n    at Promise._settlePromise0 (http://localhost:38023/__cypress/runner/cypress_runner.js:165453:10)\n    at Promise._settlePromises (http://localhost:38023/__cypress/runner/cypress_runner.js:165528:18)\n    at Async../node_modules/bluebird/js/release/async.js.Async._drainQueue (http://localhost:38023/__cypress/runner/cypress_runner.js:162140:16)\n    at Async../node_modules/bluebird/js/release/async.js.Async._drainQueues (http://localhost:38023/__cypress/runner/cypress_runner.js:162150:10)\n    at Async.drainQueues (http://localhost:38023/__cypress/runner/cypress_runner.js:162024:14)",
                "diff": null
              },
              "uuid": "bd4906d5-2156-486d-9317-7dd9e5781349",
              "parentUUID": "80b1a1fe-a829-40d2-bee6-a138a1853eac",
              "isHook": false,
              "skipped": false
            },
            {
              "title": "Verifica se o botão está posicionado entre a paleta de cores e o quadro de pixels",
              "fullTitle": "9 - Crie um botão que, ao ser clicado, limpa o quadro preenchendo a cor de todos seus pixels com branco. Verifica se o botão está posicionado entre a paleta de cores e o quadro de pixels",
              "timedOut": null,
              "duration": 4223,
              "state": "failed",
              "speed": null,
              "pass": false,
              "fail": true,
              "pending": false,
              "context": null,
              "code": "cy.get('#color-palette').then(function (palette) {\n  cy.get('#clear-board').should('be.belowOf', palette);\n});\ncy.get('#clear-board').then(function (clearBtn) {\n  cy.get('#pixel-board').should('be.belowOf', clearBtn);\n});",
              "err": {
                "message": "CypressError: Timed out retrying: Expected to find element: '#clear-board', but never found it.",
                "estack": "CypressError: Timed out retrying: Expected to find element: '#clear-board', but never found it.\n    at cypressErr (http://localhost:38023/__cypress/runner/cypress_runner.js:149934:9)\n    at throwErr (http://localhost:38023/__cypress/runner/cypress_runner.js:149867:11)\n    at Object.throwErrByPath (http://localhost:38023/__cypress/runner/cypress_runner.js:149915:3)\n    at retry (http://localhost:38023/__cypress/runner/cypress_runner.js:144197:19)\n    at onFailFn (http://localhost:38023/__cypress/runner/cypress_runner.js:132448:16)\n    at tryCatcher (http://localhost:38023/__cypress/runner/cypress_runner.js:167415:23)\n    at Promise._settlePromiseFromHandler (http://localhost:38023/__cypress/runner/cypress_runner.js:165351:31)\n    at Promise._settlePromise (http://localhost:38023/__cypress/runner/cypress_runner.js:165408:18)\n    at Promise._settlePromise0 (http://localhost:38023/__cypress/runner/cypress_runner.js:165453:10)\n    at Promise._settlePromises (http://localhost:38023/__cypress/runner/cypress_runner.js:165528:18)\n    at Async../node_modules/bluebird/js/release/async.js.Async._drainQueue (http://localhost:38023/__cypress/runner/cypress_runner.js:162140:16)\n    at Async../node_modules/bluebird/js/release/async.js.Async._drainQueues (http://localhost:38023/__cypress/runner/cypress_runner.js:162150:10)\n    at Async.drainQueues (http://localhost:38023/__cypress/runner/cypress_runner.js:162024:14)",
                "diff": null
              },
              "uuid": "fb06af08-9736-4cc7-b742-f41d9d3a297f",
              "parentUUID": "80b1a1fe-a829-40d2-bee6-a138a1853eac",
              "isHook": false,
              "skipped": false
            },
            {
              "title": "Verifica se o texto do botão é 'Limpar'",
              "fullTitle": "9 - Crie um botão que, ao ser clicado, limpa o quadro preenchendo a cor de todos seus pixels com branco. Verifica se o texto do botão é 'Limpar'",
              "timedOut": null,
              "duration": 4194,
              "state": "failed",
              "speed": null,
              "pass": false,
              "fail": true,
              "pending": false,
              "context": null,
              "code": "cy.get('#clear-board').should('contain.text', 'Limpar');",
              "err": {
                "message": "CypressError: Timed out retrying: Expected to find element: '#clear-board', but never found it.",
                "estack": "CypressError: Timed out retrying: Expected to find element: '#clear-board', but never found it.\n    at cypressErr (http://localhost:38023/__cypress/runner/cypress_runner.js:149934:9)\n    at throwErr (http://localhost:38023/__cypress/runner/cypress_runner.js:149867:11)\n    at Object.throwErrByPath (http://localhost:38023/__cypress/runner/cypress_runner.js:149915:3)\n    at retry (http://localhost:38023/__cypress/runner/cypress_runner.js:144197:19)\n    at onFailFn (http://localhost:38023/__cypress/runner/cypress_runner.js:132448:16)\n    at tryCatcher (http://localhost:38023/__cypress/runner/cypress_runner.js:167415:23)\n    at Promise._settlePromiseFromHandler (http://localhost:38023/__cypress/runner/cypress_runner.js:165351:31)\n    at Promise._settlePromise (http://localhost:38023/__cypress/runner/cypress_runner.js:165408:18)\n    at Promise._settlePromise0 (http://localhost:38023/__cypress/runner/cypress_runner.js:165453:10)\n    at Promise._settlePromises (http://localhost:38023/__cypress/runner/cypress_runner.js:165528:18)\n    at Async../node_modules/bluebird/js/release/async.js.Async._drainQueue (http://localhost:38023/__cypress/runner/cypress_runner.js:162140:16)\n    at Async../node_modules/bluebird/js/release/async.js.Async._drainQueues (http://localhost:38023/__cypress/runner/cypress_runner.js:162150:10)\n    at Async.drainQueues (http://localhost:38023/__cypress/runner/cypress_runner.js:162024:14)",
                "diff": null
              },
              "uuid": "6217ce73-09b7-4405-a82a-48ee594e8a55",
              "parentUUID": "80b1a1fe-a829-40d2-bee6-a138a1853eac",
              "isHook": false,
              "skipped": false
            },
            {
              "title": "Verifica se ao clicar no botão, o quadro de pixels é totalmente preenchido de branco",
              "fullTitle": "9 - Crie um botão que, ao ser clicado, limpa o quadro preenchendo a cor de todos seus pixels com branco. Verifica se ao clicar no botão, o quadro de pixels é totalmente preenchido de branco",
              "timedOut": null,
              "duration": 4344,
              "state": "failed",
              "speed": null,
              "pass": false,
              "fail": true,
              "pending": false,
              "context": null,
              "code": "cy.get('.color').eq(1).then(function (color) {\n  var backgroundColor = color.css('background-color');\n  cy.wrap(color).click();\n  cy.get('.pixel').each(function (pixel) {\n    cy.wrap(pixel).click().should('have.css', 'background-color', backgroundColor);\n  });\n});\ncy.get('#clear-board').click();\ncy.get('.pixel').each(function (pixel) {\n  cy.wrap(pixel).should('have.css', 'background-color', WHITE);\n});",
              "err": {
                "message": "CypressError: Timed out retrying: expected '<div.pixel>' to have CSS property 'background-color' with the value 'rgb(234, 225, 68)', but the value was 'rgb(255, 255, 255)'",
                "estack": "CypressError: Timed out retrying: expected '<div.pixel>' to have CSS property 'background-color' with the value 'rgb(234, 225, 68)', but the value was 'rgb(255, 255, 255)'\n    at cypressErr (http://localhost:38023/__cypress/runner/cypress_runner.js:149934:9)\n    at throwErr (http://localhost:38023/__cypress/runner/cypress_runner.js:149867:11)\n    at Object.throwErrByPath (http://localhost:38023/__cypress/runner/cypress_runner.js:149915:3)\n    at retry (http://localhost:38023/__cypress/runner/cypress_runner.js:144197:19)\n    at onFailFn (http://localhost:38023/__cypress/runner/cypress_runner.js:132448:16)\n    at tryCatcher (http://localhost:38023/__cypress/runner/cypress_runner.js:167415:23)\n    at Promise._settlePromiseFromHandler (http://localhost:38023/__cypress/runner/cypress_runner.js:165351:31)\n    at Promise._settlePromise (http://localhost:38023/__cypress/runner/cypress_runner.js:165408:18)\n    at Promise._settlePromise0 (http://localhost:38023/__cypress/runner/cypress_runner.js:165453:10)\n    at Promise._settlePromises (http://localhost:38023/__cypress/runner/cypress_runner.js:165528:18)\n    at Async../node_modules/bluebird/js/release/async.js.Async._drainQueue (http://localhost:38023/__cypress/runner/cypress_runner.js:162140:16)\n    at Async../node_modules/bluebird/js/release/async.js.Async._drainQueues (http://localhost:38023/__cypress/runner/cypress_runner.js:162150:10)\n    at Async.drainQueues (http://localhost:38023/__cypress/runner/cypress_runner.js:162024:14)",
                "diff": null
              },
              "uuid": "02d16c65-df53-426b-8137-2c3b2711b77e",
              "parentUUID": "80b1a1fe-a829-40d2-bee6-a138a1853eac",
              "isHook": false,
              "skipped": false
            }
          ],
          "suites": [],
          "passes": [],
          "failures": [
            "bd4906d5-2156-486d-9317-7dd9e5781349",
            "fb06af08-9736-4cc7-b742-f41d9d3a297f",
            "6217ce73-09b7-4405-a82a-48ee594e8a55",
            "02d16c65-df53-426b-8137-2c3b2711b77e"
          ],
          "pending": [],
          "skipped": [],
          "duration": 16965,
          "root": false,
          "rootEmpty": false,
          "_timeout": 2000
        },
        {
          "uuid": "d85d36ba-7cde-4cfb-83f2-e0e46fe2e6eb",
          "title": "10 - Faça o quadro de pixels ter seu tamanho definido pelo usuário.",
          "fullFile": "",
          "file": "",
          "beforeHooks": [],
          "afterHooks": [],
          "tests": [
            {
              "title": "Verifica se existe um input com o id `board-size`",
              "fullTitle": "10 - Faça o quadro de pixels ter seu tamanho definido pelo usuário. Verifica se existe um input com o id `board-size`",
              "timedOut": null,
              "duration": 4221,
              "state": "failed",
              "speed": null,
              "pass": false,
              "fail": true,
              "pending": false,
              "context": null,
              "code": "cy.get('#board-size').should('be.visible');",
              "err": {
                "message": "CypressError: Timed out retrying: Expected to find element: '#board-size', but never found it.",
                "estack": "CypressError: Timed out retrying: Expected to find element: '#board-size', but never found it.\n    at cypressErr (http://localhost:38023/__cypress/runner/cypress_runner.js:149934:9)\n    at throwErr (http://localhost:38023/__cypress/runner/cypress_runner.js:149867:11)\n    at Object.throwErrByPath (http://localhost:38023/__cypress/runner/cypress_runner.js:149915:3)\n    at retry (http://localhost:38023/__cypress/runner/cypress_runner.js:144197:19)\n    at onFailFn (http://localhost:38023/__cypress/runner/cypress_runner.js:132448:16)\n    at tryCatcher (http://localhost:38023/__cypress/runner/cypress_runner.js:167415:23)\n    at Promise._settlePromiseFromHandler (http://localhost:38023/__cypress/runner/cypress_runner.js:165351:31)\n    at Promise._settlePromise (http://localhost:38023/__cypress/runner/cypress_runner.js:165408:18)\n    at Promise._settlePromise0 (http://localhost:38023/__cypress/runner/cypress_runner.js:165453:10)\n    at Promise._settlePromises (http://localhost:38023/__cypress/runner/cypress_runner.js:165528:18)\n    at Async../node_modules/bluebird/js/release/async.js.Async._drainQueue (http://localhost:38023/__cypress/runner/cypress_runner.js:162140:16)\n    at Async../node_modules/bluebird/js/release/async.js.Async._drainQueues (http://localhost:38023/__cypress/runner/cypress_runner.js:162150:10)\n    at Async.drainQueues (http://localhost:38023/__cypress/runner/cypress_runner.js:162024:14)",
                "diff": null
              },
              "uuid": "5f208be1-0b17-42fc-9c17-5e3237b58c22",
              "parentUUID": "d85d36ba-7cde-4cfb-83f2-e0e46fe2e6eb",
              "isHook": false,
              "skipped": false
            },
            {
              "title": "Verifica se existe um botão com o id `generate-board`",
              "fullTitle": "10 - Faça o quadro de pixels ter seu tamanho definido pelo usuário. Verifica se existe um botão com o id `generate-board`",
              "timedOut": null,
              "duration": 4248,
              "state": "failed",
              "speed": null,
              "pass": false,
              "fail": true,
              "pending": false,
              "context": null,
              "code": "cy.get('#generate-board').should('be.visible');",
              "err": {
                "message": "CypressError: Timed out retrying: Expected to find element: '#generate-board', but never found it.",
                "estack": "CypressError: Timed out retrying: Expected to find element: '#generate-board', but never found it.\n    at cypressErr (http://localhost:38023/__cypress/runner/cypress_runner.js:149934:9)\n    at throwErr (http://localhost:38023/__cypress/runner/cypress_runner.js:149867:11)\n    at Object.throwErrByPath (http://localhost:38023/__cypress/runner/cypress_runner.js:149915:3)\n    at retry (http://localhost:38023/__cypress/runner/cypress_runner.js:144197:19)\n    at onFailFn (http://localhost:38023/__cypress/runner/cypress_runner.js:132448:16)\n    at tryCatcher (http://localhost:38023/__cypress/runner/cypress_runner.js:167415:23)\n    at Promise._settlePromiseFromHandler (http://localhost:38023/__cypress/runner/cypress_runner.js:165351:31)\n    at Promise._settlePromise (http://localhost:38023/__cypress/runner/cypress_runner.js:165408:18)\n    at Promise._settlePromise0 (http://localhost:38023/__cypress/runner/cypress_runner.js:165453:10)\n    at Promise._settlePromises (http://localhost:38023/__cypress/runner/cypress_runner.js:165528:18)\n    at Async../node_modules/bluebird/js/release/async.js.Async._drainQueue (http://localhost:38023/__cypress/runner/cypress_runner.js:162140:16)\n    at Async../node_modules/bluebird/js/release/async.js.Async._drainQueues (http://localhost:38023/__cypress/runner/cypress_runner.js:162150:10)\n    at Async.drainQueues (http://localhost:38023/__cypress/runner/cypress_runner.js:162024:14)",
                "diff": null
              },
              "uuid": "e2f36e5c-7a02-4efe-9e5f-409709710614",
              "parentUUID": "d85d36ba-7cde-4cfb-83f2-e0e46fe2e6eb",
              "isHook": false,
              "skipped": false
            },
            {
              "title": "Verifica se o input só aceita número maiores que zero. Essa restrição deve ser feita usando os atributos do elemento `input`",
              "fullTitle": "10 - Faça o quadro de pixels ter seu tamanho definido pelo usuário. Verifica se o input só aceita número maiores que zero. Essa restrição deve ser feita usando os atributos do elemento `input`",
              "timedOut": null,
              "duration": 4256,
              "state": "failed",
              "speed": null,
              "pass": false,
              "fail": true,
              "pending": false,
              "context": null,
              "code": "cy.get('#board-size[type=\\'number\\'][min=\\'1\\']');",
              "err": {
                "message": "CypressError: Timed out retrying: Expected to find element: '#board-size[type='number'][min='1']', but never found it.",
                "estack": "CypressError: Timed out retrying: Expected to find element: '#board-size[type='number'][min='1']', but never found it.\n    at cypressErr (http://localhost:38023/__cypress/runner/cypress_runner.js:149934:9)\n    at throwErr (http://localhost:38023/__cypress/runner/cypress_runner.js:149867:11)\n    at Object.throwErrByPath (http://localhost:38023/__cypress/runner/cypress_runner.js:149915:3)\n    at retry (http://localhost:38023/__cypress/runner/cypress_runner.js:144197:19)\n    at onFailFn (http://localhost:38023/__cypress/runner/cypress_runner.js:132448:16)\n    at tryCatcher (http://localhost:38023/__cypress/runner/cypress_runner.js:167415:23)\n    at Promise._settlePromiseFromHandler (http://localhost:38023/__cypress/runner/cypress_runner.js:165351:31)\n    at Promise._settlePromise (http://localhost:38023/__cypress/runner/cypress_runner.js:165408:18)\n    at Promise._settlePromise0 (http://localhost:38023/__cypress/runner/cypress_runner.js:165453:10)\n    at Promise._settlePromises (http://localhost:38023/__cypress/runner/cypress_runner.js:165528:18)\n    at Async../node_modules/bluebird/js/release/async.js.Async._drainQueue (http://localhost:38023/__cypress/runner/cypress_runner.js:162140:16)\n    at Async../node_modules/bluebird/js/release/async.js.Async._drainQueues (http://localhost:38023/__cypress/runner/cypress_runner.js:162150:10)\n    at Async.drainQueues (http://localhost:38023/__cypress/runner/cypress_runner.js:162024:14)",
                "diff": null
              },
              "uuid": "7fd88d4e-52f8-490e-9643-91785072f88d",
              "parentUUID": "d85d36ba-7cde-4cfb-83f2-e0e46fe2e6eb",
              "isHook": false,
              "skipped": false
            },
            {
              "title": "Verifica se o botão contém o texto 'VQV'",
              "fullTitle": "10 - Faça o quadro de pixels ter seu tamanho definido pelo usuário. Verifica se o botão contém o texto 'VQV'",
              "timedOut": null,
              "duration": 4199,
              "state": "failed",
              "speed": null,
              "pass": false,
              "fail": true,
              "pending": false,
              "context": null,
              "code": "cy.get('#generate-board').contains(/vqv/i);",
              "err": {
                "message": "CypressError: Timed out retrying: Expected to find element: '#generate-board', but never found it.",
                "estack": "CypressError: Timed out retrying: Expected to find element: '#generate-board', but never found it.\n    at cypressErr (http://localhost:38023/__cypress/runner/cypress_runner.js:149934:9)\n    at throwErr (http://localhost:38023/__cypress/runner/cypress_runner.js:149867:11)\n    at Object.throwErrByPath (http://localhost:38023/__cypress/runner/cypress_runner.js:149915:3)\n    at retry (http://localhost:38023/__cypress/runner/cypress_runner.js:144197:19)\n    at onFailFn (http://localhost:38023/__cypress/runner/cypress_runner.js:132448:16)\n    at tryCatcher (http://localhost:38023/__cypress/runner/cypress_runner.js:167415:23)\n    at Promise._settlePromiseFromHandler (http://localhost:38023/__cypress/runner/cypress_runner.js:165351:31)\n    at Promise._settlePromise (http://localhost:38023/__cypress/runner/cypress_runner.js:165408:18)\n    at Promise._settlePromise0 (http://localhost:38023/__cypress/runner/cypress_runner.js:165453:10)\n    at Promise._settlePromises (http://localhost:38023/__cypress/runner/cypress_runner.js:165528:18)\n    at Async../node_modules/bluebird/js/release/async.js.Async._drainQueue (http://localhost:38023/__cypress/runner/cypress_runner.js:162140:16)\n    at Async../node_modules/bluebird/js/release/async.js.Async._drainQueues (http://localhost:38023/__cypress/runner/cypress_runner.js:162150:10)\n    at Async.drainQueues (http://localhost:38023/__cypress/runner/cypress_runner.js:162024:14)",
                "diff": null
              },
              "uuid": "30e7488a-5bce-4b15-84a9-c11dd47871f1",
              "parentUUID": "d85d36ba-7cde-4cfb-83f2-e0e46fe2e6eb",
              "isHook": false,
              "skipped": false
            },
            {
              "title": "Verifica se o input está posicionado entre a paleta de cores e o quadro de pixels",
              "fullTitle": "10 - Faça o quadro de pixels ter seu tamanho definido pelo usuário. Verifica se o input está posicionado entre a paleta de cores e o quadro de pixels",
              "timedOut": null,
              "duration": 4212,
              "state": "failed",
              "speed": null,
              "pass": false,
              "fail": true,
              "pending": false,
              "context": null,
              "code": "cy.get('#color-palette').then(function (palette) {\n  cy.get('#board-size').should('be.belowOf', palette);\n});\ncy.get('#board-size').then(function (palette) {\n  cy.get('#pixel-board').should('be.belowOf', palette);\n});",
              "err": {
                "message": "CypressError: Timed out retrying: Expected to find element: '#board-size', but never found it.",
                "estack": "CypressError: Timed out retrying: Expected to find element: '#board-size', but never found it.\n    at cypressErr (http://localhost:38023/__cypress/runner/cypress_runner.js:149934:9)\n    at throwErr (http://localhost:38023/__cypress/runner/cypress_runner.js:149867:11)\n    at Object.throwErrByPath (http://localhost:38023/__cypress/runner/cypress_runner.js:149915:3)\n    at retry (http://localhost:38023/__cypress/runner/cypress_runner.js:144197:19)\n    at onFailFn (http://localhost:38023/__cypress/runner/cypress_runner.js:132448:16)\n    at tryCatcher (http://localhost:38023/__cypress/runner/cypress_runner.js:167415:23)\n    at Promise._settlePromiseFromHandler (http://localhost:38023/__cypress/runner/cypress_runner.js:165351:31)\n    at Promise._settlePromise (http://localhost:38023/__cypress/runner/cypress_runner.js:165408:18)\n    at Promise._settlePromise0 (http://localhost:38023/__cypress/runner/cypress_runner.js:165453:10)\n    at Promise._settlePromises (http://localhost:38023/__cypress/runner/cypress_runner.js:165528:18)\n    at Async../node_modules/bluebird/js/release/async.js.Async._drainQueue (http://localhost:38023/__cypress/runner/cypress_runner.js:162140:16)\n    at Async../node_modules/bluebird/js/release/async.js.Async._drainQueues (http://localhost:38023/__cypress/runner/cypress_runner.js:162150:10)\n    at Async.drainQueues (http://localhost:38023/__cypress/runner/cypress_runner.js:162024:14)",
                "diff": null
              },
              "uuid": "003a1f6b-55cc-4e2f-a393-5e9fa443d307",
              "parentUUID": "d85d36ba-7cde-4cfb-83f2-e0e46fe2e6eb",
              "isHook": false,
              "skipped": false
            },
            {
              "title": "Verifica se o botão está posicionado ao lado do input",
              "fullTitle": "10 - Faça o quadro de pixels ter seu tamanho definido pelo usuário. Verifica se o botão está posicionado ao lado do input",
              "timedOut": null,
              "duration": 4199,
              "state": "failed",
              "speed": null,
              "pass": false,
              "fail": true,
              "pending": false,
              "context": null,
              "code": "cy.get('#board-size').then(function (board) {\n  cy.get('#generate-board').should('be.onTheRightOf', board);\n});",
              "err": {
                "message": "CypressError: Timed out retrying: Expected to find element: '#board-size', but never found it.",
                "estack": "CypressError: Timed out retrying: Expected to find element: '#board-size', but never found it.\n    at cypressErr (http://localhost:38023/__cypress/runner/cypress_runner.js:149934:9)\n    at throwErr (http://localhost:38023/__cypress/runner/cypress_runner.js:149867:11)\n    at Object.throwErrByPath (http://localhost:38023/__cypress/runner/cypress_runner.js:149915:3)\n    at retry (http://localhost:38023/__cypress/runner/cypress_runner.js:144197:19)\n    at onFailFn (http://localhost:38023/__cypress/runner/cypress_runner.js:132448:16)\n    at tryCatcher (http://localhost:38023/__cypress/runner/cypress_runner.js:167415:23)\n    at Promise._settlePromiseFromHandler (http://localhost:38023/__cypress/runner/cypress_runner.js:165351:31)\n    at Promise._settlePromise (http://localhost:38023/__cypress/runner/cypress_runner.js:165408:18)\n    at Promise._settlePromise0 (http://localhost:38023/__cypress/runner/cypress_runner.js:165453:10)\n    at Promise._settlePromises (http://localhost:38023/__cypress/runner/cypress_runner.js:165528:18)\n    at Async../node_modules/bluebird/js/release/async.js.Async._drainQueue (http://localhost:38023/__cypress/runner/cypress_runner.js:162140:16)\n    at Async../node_modules/bluebird/js/release/async.js.Async._drainQueues (http://localhost:38023/__cypress/runner/cypress_runner.js:162150:10)\n    at Async.drainQueues (http://localhost:38023/__cypress/runner/cypress_runner.js:162024:14)",
                "diff": null
              },
              "uuid": "331765be-e51e-45a5-a887-c046d1298084",
              "parentUUID": "d85d36ba-7cde-4cfb-83f2-e0e46fe2e6eb",
              "isHook": false,
              "skipped": false
            },
            {
              "title": "Verifica se nenhum valor for colocado no input ao clicar no botão, um `alert` é exibido com o texto: 'Board inválido!'",
              "fullTitle": "10 - Faça o quadro de pixels ter seu tamanho definido pelo usuário. Verifica se nenhum valor for colocado no input ao clicar no botão, um `alert` é exibido com o texto: 'Board inválido!'",
              "timedOut": null,
              "duration": 4185,
              "state": "failed",
              "speed": null,
              "pass": false,
              "fail": true,
              "pending": false,
              "context": null,
              "code": "var alerted = false;\ncy.on('window:alert', function (msg) {\n  return alerted = msg;\n});\ncy.get('#generate-board').click().then(function () {\n  return expect(alerted).to.match(/Board inválido!/i);\n});",
              "err": {
                "message": "CypressError: Timed out retrying: Expected to find element: '#generate-board', but never found it.",
                "estack": "CypressError: Timed out retrying: Expected to find element: '#generate-board', but never found it.\n    at cypressErr (http://localhost:38023/__cypress/runner/cypress_runner.js:149934:9)\n    at throwErr (http://localhost:38023/__cypress/runner/cypress_runner.js:149867:11)\n    at Object.throwErrByPath (http://localhost:38023/__cypress/runner/cypress_runner.js:149915:3)\n    at retry (http://localhost:38023/__cypress/runner/cypress_runner.js:144197:19)\n    at onFailFn (http://localhost:38023/__cypress/runner/cypress_runner.js:132448:16)\n    at tryCatcher (http://localhost:38023/__cypress/runner/cypress_runner.js:167415:23)\n    at Promise._settlePromiseFromHandler (http://localhost:38023/__cypress/runner/cypress_runner.js:165351:31)\n    at Promise._settlePromise (http://localhost:38023/__cypress/runner/cypress_runner.js:165408:18)\n    at Promise._settlePromise0 (http://localhost:38023/__cypress/runner/cypress_runner.js:165453:10)\n    at Promise._settlePromises (http://localhost:38023/__cypress/runner/cypress_runner.js:165528:18)\n    at Async../node_modules/bluebird/js/release/async.js.Async._drainQueue (http://localhost:38023/__cypress/runner/cypress_runner.js:162140:16)\n    at Async../node_modules/bluebird/js/release/async.js.Async._drainQueues (http://localhost:38023/__cypress/runner/cypress_runner.js:162150:10)\n    at Async.drainQueues (http://localhost:38023/__cypress/runner/cypress_runner.js:162024:14)",
                "diff": null
              },
              "uuid": "20eee431-0802-4844-845d-03575965d315",
              "parentUUID": "d85d36ba-7cde-4cfb-83f2-e0e46fe2e6eb",
              "isHook": false,
              "skipped": false
            },
            {
              "title": "Verifica se ao clicar no botão com um valor preenchido, o tamanho do board muda.",
              "fullTitle": "10 - Faça o quadro de pixels ter seu tamanho definido pelo usuário. Verifica se ao clicar no botão com um valor preenchido, o tamanho do board muda.",
              "timedOut": null,
              "duration": 4250,
              "state": "failed",
              "speed": null,
              "pass": false,
              "fail": true,
              "pending": false,
              "context": null,
              "code": "cy.get('#board-size').clear().type(10);\ncy.get('#generate-board').click();\ncy.get('.pixel').should('have.length', 100);",
              "err": {
                "message": "CypressError: Timed out retrying: Expected to find element: '#board-size', but never found it.",
                "estack": "CypressError: Timed out retrying: Expected to find element: '#board-size', but never found it.\n    at cypressErr (http://localhost:38023/__cypress/runner/cypress_runner.js:149934:9)\n    at throwErr (http://localhost:38023/__cypress/runner/cypress_runner.js:149867:11)\n    at Object.throwErrByPath (http://localhost:38023/__cypress/runner/cypress_runner.js:149915:3)\n    at retry (http://localhost:38023/__cypress/runner/cypress_runner.js:144197:19)\n    at onFailFn (http://localhost:38023/__cypress/runner/cypress_runner.js:132448:16)\n    at tryCatcher (http://localhost:38023/__cypress/runner/cypress_runner.js:167415:23)\n    at Promise._settlePromiseFromHandler (http://localhost:38023/__cypress/runner/cypress_runner.js:165351:31)\n    at Promise._settlePromise (http://localhost:38023/__cypress/runner/cypress_runner.js:165408:18)\n    at Promise._settlePromise0 (http://localhost:38023/__cypress/runner/cypress_runner.js:165453:10)\n    at Promise._settlePromises (http://localhost:38023/__cypress/runner/cypress_runner.js:165528:18)\n    at Async../node_modules/bluebird/js/release/async.js.Async._drainQueue (http://localhost:38023/__cypress/runner/cypress_runner.js:162140:16)\n    at Async../node_modules/bluebird/js/release/async.js.Async._drainQueues (http://localhost:38023/__cypress/runner/cypress_runner.js:162150:10)\n    at Async.drainQueues (http://localhost:38023/__cypress/runner/cypress_runner.js:162024:14)",
                "diff": null
              },
              "uuid": "cc0a8dac-b82d-41ac-9240-2d8bcf1ff83e",
              "parentUUID": "d85d36ba-7cde-4cfb-83f2-e0e46fe2e6eb",
              "isHook": false,
              "skipped": false
            },
            {
              "title": "Verifica se o novo quadro tem todos os pixels preenchidos com a cor branca",
              "fullTitle": "10 - Faça o quadro de pixels ter seu tamanho definido pelo usuário. Verifica se o novo quadro tem todos os pixels preenchidos com a cor branca",
              "timedOut": null,
              "duration": 4237,
              "state": "failed",
              "speed": null,
              "pass": false,
              "fail": true,
              "pending": false,
              "context": null,
              "code": "cy.get('#board-size').clear().type(6);\ncy.get('#generate-board').click();\ncy.get('.pixel').should('have.length', 36).each(function (pixel) {\n  expect(pixel).to.have.css('background-color', WHITE);\n});",
              "err": {
                "message": "CypressError: Timed out retrying: Expected to find element: '#board-size', but never found it.",
                "estack": "CypressError: Timed out retrying: Expected to find element: '#board-size', but never found it.\n    at cypressErr (http://localhost:38023/__cypress/runner/cypress_runner.js:149934:9)\n    at throwErr (http://localhost:38023/__cypress/runner/cypress_runner.js:149867:11)\n    at Object.throwErrByPath (http://localhost:38023/__cypress/runner/cypress_runner.js:149915:3)\n    at retry (http://localhost:38023/__cypress/runner/cypress_runner.js:144197:19)\n    at onFailFn (http://localhost:38023/__cypress/runner/cypress_runner.js:132448:16)\n    at tryCatcher (http://localhost:38023/__cypress/runner/cypress_runner.js:167415:23)\n    at Promise._settlePromiseFromHandler (http://localhost:38023/__cypress/runner/cypress_runner.js:165351:31)\n    at Promise._settlePromise (http://localhost:38023/__cypress/runner/cypress_runner.js:165408:18)\n    at Promise._settlePromise0 (http://localhost:38023/__cypress/runner/cypress_runner.js:165453:10)\n    at Promise._settlePromises (http://localhost:38023/__cypress/runner/cypress_runner.js:165528:18)\n    at Async../node_modules/bluebird/js/release/async.js.Async._drainQueue (http://localhost:38023/__cypress/runner/cypress_runner.js:162140:16)\n    at Async../node_modules/bluebird/js/release/async.js.Async._drainQueues (http://localhost:38023/__cypress/runner/cypress_runner.js:162150:10)\n    at Async.drainQueues (http://localhost:38023/__cypress/runner/cypress_runner.js:162024:14)",
                "diff": null
              },
              "uuid": "f317405d-533f-48d7-9744-a3ed3f16d155",
              "parentUUID": "d85d36ba-7cde-4cfb-83f2-e0e46fe2e6eb",
              "isHook": false,
              "skipped": false
            }
          ],
          "suites": [],
          "passes": [],
          "failures": [
            "5f208be1-0b17-42fc-9c17-5e3237b58c22",
            "e2f36e5c-7a02-4efe-9e5f-409709710614",
            "7fd88d4e-52f8-490e-9643-91785072f88d",
            "30e7488a-5bce-4b15-84a9-c11dd47871f1",
            "003a1f6b-55cc-4e2f-a393-5e9fa443d307",
            "331765be-e51e-45a5-a887-c046d1298084",
            "20eee431-0802-4844-845d-03575965d315",
            "cc0a8dac-b82d-41ac-9240-2d8bcf1ff83e",
            "f317405d-533f-48d7-9744-a3ed3f16d155"
          ],
          "pending": [],
          "skipped": [],
          "duration": 38007,
          "root": false,
          "rootEmpty": false,
          "_timeout": 2000
        },
        {
          "uuid": "7bb3f960-59a7-4aa5-83e6-3f538f0fac87",
          "title": "11 - Limite o tamanho mínimo e máximo do board.",
          "fullFile": "",
          "file": "",
          "beforeHooks": [],
          "afterHooks": [],
          "tests": [
            {
              "title": "Verifica se a altura máxima do board é 50",
              "fullTitle": "11 - Limite o tamanho mínimo e máximo do board. Verifica se a altura máxima do board é 50",
              "timedOut": null,
              "duration": 4234,
              "state": "failed",
              "speed": null,
              "pass": false,
              "fail": true,
              "pending": false,
              "context": null,
              "code": "cy.get('#board-size').clear().type(50);\ncy.get('#generate-board').click();\ncy.get('.pixel').should('have.length', 2500);",
              "err": {
                "message": "CypressError: Timed out retrying: Expected to find element: '#board-size', but never found it.",
                "estack": "CypressError: Timed out retrying: Expected to find element: '#board-size', but never found it.\n    at cypressErr (http://localhost:38023/__cypress/runner/cypress_runner.js:149934:9)\n    at throwErr (http://localhost:38023/__cypress/runner/cypress_runner.js:149867:11)\n    at Object.throwErrByPath (http://localhost:38023/__cypress/runner/cypress_runner.js:149915:3)\n    at retry (http://localhost:38023/__cypress/runner/cypress_runner.js:144197:19)\n    at onFailFn (http://localhost:38023/__cypress/runner/cypress_runner.js:132448:16)\n    at tryCatcher (http://localhost:38023/__cypress/runner/cypress_runner.js:167415:23)\n    at Promise._settlePromiseFromHandler (http://localhost:38023/__cypress/runner/cypress_runner.js:165351:31)\n    at Promise._settlePromise (http://localhost:38023/__cypress/runner/cypress_runner.js:165408:18)\n    at Promise._settlePromise0 (http://localhost:38023/__cypress/runner/cypress_runner.js:165453:10)\n    at Promise._settlePromises (http://localhost:38023/__cypress/runner/cypress_runner.js:165528:18)\n    at Async../node_modules/bluebird/js/release/async.js.Async._drainQueue (http://localhost:38023/__cypress/runner/cypress_runner.js:162140:16)\n    at Async../node_modules/bluebird/js/release/async.js.Async._drainQueues (http://localhost:38023/__cypress/runner/cypress_runner.js:162150:10)\n    at Async.drainQueues (http://localhost:38023/__cypress/runner/cypress_runner.js:162024:14)",
                "diff": null
              },
              "uuid": "6dd05fcb-ad88-4077-bc8c-bbe5885e501c",
              "parentUUID": "7bb3f960-59a7-4aa5-83e6-3f538f0fac87",
              "isHook": false,
              "skipped": false
            },
            {
              "title": "Verifica se a altura do board é 5 quando um valor menor é colocado no input",
              "fullTitle": "11 - Limite o tamanho mínimo e máximo do board. Verifica se a altura do board é 5 quando um valor menor é colocado no input",
              "timedOut": null,
              "duration": 4202,
              "state": "failed",
              "speed": null,
              "pass": false,
              "fail": true,
              "pending": false,
              "context": null,
              "code": "cy.get('#board-size').clear().type(4);\ncy.get('#generate-board').click();\ncy.get('.pixel').should('have.length', 25);",
              "err": {
                "message": "CypressError: Timed out retrying: Expected to find element: '#board-size', but never found it.",
                "estack": "CypressError: Timed out retrying: Expected to find element: '#board-size', but never found it.\n    at cypressErr (http://localhost:38023/__cypress/runner/cypress_runner.js:149934:9)\n    at throwErr (http://localhost:38023/__cypress/runner/cypress_runner.js:149867:11)\n    at Object.throwErrByPath (http://localhost:38023/__cypress/runner/cypress_runner.js:149915:3)\n    at retry (http://localhost:38023/__cypress/runner/cypress_runner.js:144197:19)\n    at onFailFn (http://localhost:38023/__cypress/runner/cypress_runner.js:132448:16)\n    at tryCatcher (http://localhost:38023/__cypress/runner/cypress_runner.js:167415:23)\n    at Promise._settlePromiseFromHandler (http://localhost:38023/__cypress/runner/cypress_runner.js:165351:31)\n    at Promise._settlePromise (http://localhost:38023/__cypress/runner/cypress_runner.js:165408:18)\n    at Promise._settlePromise0 (http://localhost:38023/__cypress/runner/cypress_runner.js:165453:10)\n    at Promise._settlePromises (http://localhost:38023/__cypress/runner/cypress_runner.js:165528:18)\n    at Async../node_modules/bluebird/js/release/async.js.Async._drainQueue (http://localhost:38023/__cypress/runner/cypress_runner.js:162140:16)\n    at Async../node_modules/bluebird/js/release/async.js.Async._drainQueues (http://localhost:38023/__cypress/runner/cypress_runner.js:162150:10)\n    at Async.drainQueues (http://localhost:38023/__cypress/runner/cypress_runner.js:162024:14)",
                "diff": null
              },
              "uuid": "acd39204-cceb-4287-aaf8-60b260304b95",
              "parentUUID": "7bb3f960-59a7-4aa5-83e6-3f538f0fac87",
              "isHook": false,
              "skipped": false
            },
            {
              "title": "Verifica se a altura do board é 50 quando um valor maior é colocado no input",
              "fullTitle": "11 - Limite o tamanho mínimo e máximo do board. Verifica se a altura do board é 50 quando um valor maior é colocado no input",
              "timedOut": null,
              "duration": 4233,
              "state": "failed",
              "speed": null,
              "pass": false,
              "fail": true,
              "pending": false,
              "context": null,
              "code": "cy.get('#board-size').clear().type(51);\ncy.get('#generate-board').click();\ncy.get('.pixel').should('have.length', 2500);",
              "err": {
                "message": "CypressError: Timed out retrying: Expected to find element: '#board-size', but never found it.",
                "estack": "CypressError: Timed out retrying: Expected to find element: '#board-size', but never found it.\n    at cypressErr (http://localhost:38023/__cypress/runner/cypress_runner.js:149934:9)\n    at throwErr (http://localhost:38023/__cypress/runner/cypress_runner.js:149867:11)\n    at Object.throwErrByPath (http://localhost:38023/__cypress/runner/cypress_runner.js:149915:3)\n    at retry (http://localhost:38023/__cypress/runner/cypress_runner.js:144197:19)\n    at onFailFn (http://localhost:38023/__cypress/runner/cypress_runner.js:132448:16)\n    at tryCatcher (http://localhost:38023/__cypress/runner/cypress_runner.js:167415:23)\n    at Promise._settlePromiseFromHandler (http://localhost:38023/__cypress/runner/cypress_runner.js:165351:31)\n    at Promise._settlePromise (http://localhost:38023/__cypress/runner/cypress_runner.js:165408:18)\n    at Promise._settlePromise0 (http://localhost:38023/__cypress/runner/cypress_runner.js:165453:10)\n    at Promise._settlePromises (http://localhost:38023/__cypress/runner/cypress_runner.js:165528:18)\n    at Async../node_modules/bluebird/js/release/async.js.Async._drainQueue (http://localhost:38023/__cypress/runner/cypress_runner.js:162140:16)\n    at Async../node_modules/bluebird/js/release/async.js.Async._drainQueues (http://localhost:38023/__cypress/runner/cypress_runner.js:162150:10)\n    at Async.drainQueues (http://localhost:38023/__cypress/runner/cypress_runner.js:162024:14)",
                "diff": null
              },
              "uuid": "1487fa8a-39d4-4b74-befc-4bc528f33331",
              "parentUUID": "7bb3f960-59a7-4aa5-83e6-3f538f0fac87",
              "isHook": false,
              "skipped": false
            }
          ],
          "suites": [],
          "passes": [],
          "failures": [
            "6dd05fcb-ad88-4077-bc8c-bbe5885e501c",
            "acd39204-cceb-4287-aaf8-60b260304b95",
            "1487fa8a-39d4-4b74-befc-4bc528f33331"
          ],
          "pending": [],
          "skipped": [],
          "duration": 12669,
          "root": false,
          "rootEmpty": false,
          "_timeout": 2000
        },
        {
          "uuid": "725e34b8-0271-49c9-b01f-be7a20a03019",
          "title": "12 - Faça com que as cores da paleta sejam geradas aleatoriamente ao carregar a página.",
          "fullFile": "",
          "file": "",
          "beforeHooks": [],
          "afterHooks": [],
          "tests": [
            {
              "title": "Verifica se as cores geradas na paleta são diferentes a cada carregamento da página",
              "fullTitle": "12 - Faça com que as cores da paleta sejam geradas aleatoriamente ao carregar a página. Verifica se as cores geradas na paleta são diferentes a cada carregamento da página",
              "timedOut": null,
              "duration": 416,
              "state": "passed",
              "speed": "slow",
              "pass": true,
              "fail": false,
              "pending": false,
              "context": null,
              "code": "cy.get('.color').then(function (colors) {\n  var currentColors;\n  var previousColors;\n  previousColors = Array.from(colors).map(function (color) {\n    return Cypress.$(color).css('background-color');\n  });\n  for (var i = 0; i < 5; i += 1) {\n    cy.reload();\n    cy.get('.color').then(function (colors) {\n      currentColors = Array.from(colors).map(function (color) {\n        return Cypress.$(color).css('background-color');\n      });\n      expect(currentColors).not.to.deep.equal(previousColors);\n      previousColors = currentColors;\n    });\n  }\n});",
              "err": {},
              "uuid": "53e84f3f-892a-448a-b23d-0a56934ac0cd",
              "parentUUID": "725e34b8-0271-49c9-b01f-be7a20a03019",
              "isHook": false,
              "skipped": false
            },
            {
              "title": "Verifica se a cor preta ainda está presente e é a primeira na sua paleta de cores",
              "fullTitle": "12 - Faça com que as cores da paleta sejam geradas aleatoriamente ao carregar a página. Verifica se a cor preta ainda está presente e é a primeira na sua paleta de cores",
              "timedOut": null,
              "duration": 469,
              "state": "passed",
              "speed": "slow",
              "pass": true,
              "fail": false,
              "pending": false,
              "context": null,
              "code": "cy.get('.color').then(function (colors) {\n  var currentColors;\n  var previousColors;\n  previousColors = Array.from(colors).map(function (color) {\n    return Cypress.$(color).css('background-color');\n  });\n  expect(previousColors[0]).to.eq(BLACK);\n  for (var i = 0; i < 5; i += 1) {\n    cy.reload();\n    cy.get('.color').then(function (colors) {\n      currentColors = Array.from(colors).map(function (color) {\n        return Cypress.$(color).css('background-color');\n      });\n      expect(currentColors[0]).to.eq(BLACK);\n      expect(currentColors).not.to.deep.equal(previousColors);\n      previousColors = currentColors;\n    });\n  }\n});",
              "err": {},
              "uuid": "9038ee49-e314-4bf2-b380-d6b4e0ad2a93",
              "parentUUID": "725e34b8-0271-49c9-b01f-be7a20a03019",
              "isHook": false,
              "skipped": false
            }
          ],
          "suites": [],
          "passes": [
            "53e84f3f-892a-448a-b23d-0a56934ac0cd",
            "9038ee49-e314-4bf2-b380-d6b4e0ad2a93"
          ],
          "failures": [],
          "pending": [],
          "skipped": [],
          "duration": 885,
          "root": false,
          "rootEmpty": false,
          "_timeout": 2000
        }
      ],
      "passes": [],
      "failures": [],
      "pending": [],
      "skipped": [],
      "duration": 0,
      "root": true,
      "rootEmpty": true,
      "_timeout": 2000
    }
  ],
  "meta": {
    "mocha": {
      "version": "7.0.1"
    },
    "mochawesome": {
      "options": {
        "quiet": false,
        "reportFilename": "mochawesome",
        "saveHtml": false,
        "saveJson": true,
        "consoleReporter": "spec",
        "useInlineDiffs": false
      },
      "version": "4.1.0"
    },
    "marge": {
      "options": {
        "id": "default",
        "reportDir": "cypress/reports",
        "overwrite": true,
        "html": false,
        "json": true
      },
      "version": "4.1.0"
    }
  }
}